170205 170336.201|CONFIG|main|setFileHandlers|Now logging to C:\PacketA_2017_Waller\pc2-9.2.5\bin\profiles\Pc860fdf7-b6ef-4a44-854c-d7e7bb3968ca directory.
170205 170336.216|INFO|main|info|
170205 170336.216|INFO|main|info|Version 9.2.5 20151014 (Wednesday, October 14th 2015 03:59 UTC) Java ver 1.8.0_111 build 3204 Windows 8.1 6.3 (amd64) 
170205 170336.216|INFO|main|startLog|Working directory is C:\PacketA_2017_Waller\pc2-9.2.5\bin
170205 170336.216|INFO|main|startLog|Process id is 10520@Mellen
170205 174319.144|CONFIG|main|setFileHandlers|Now logging to C:\PacketA_2017_Waller\pc2-9.2.5\bin\profiles\Pc860fdf7-b6ef-4a44-854c-d7e7bb3968ca directory.
170205 174319.144|INFO|main|info|
170205 174319.144|INFO|main|info|Version 9.2.5 20151014 (Wednesday, October 14th 2015 03:59 UTC) Java ver 1.8.0_111 build 3204 Windows 8.1 6.3 (amd64) 
170205 174319.144|INFO|main|startLog|Working directory is C:\PacketA_2017_Waller\pc2-9.2.5\bin
170205 174319.144|INFO|main|startLog|Process id is 15428@Mellen
170209 123004.858|CONFIG|main|setFileHandlers|Now logging to C:\PacketB_Magnolia Student Info and PC Squared\pc2-9.2.5\bin\profiles\Pc860fdf7-b6ef-4a44-854c-d7e7bb3968ca directory.
170209 123004.874|INFO|main|info|
170209 123004.890|INFO|main|info|Version 9.2.5 20151014 (Wednesday, October 14th 2015 03:59 UTC) Java ver 1.8.0_111 build 3204 Windows 8.1 6.3 (amd64) 
170209 123004.890|INFO|main|startLog|Working directory is C:\PacketB_Magnolia Student Info and PC Squared\pc2-9.2.5\bin
170209 123004.890|INFO|main|startLog|Process id is 7108@Mellen
170209 123010.319|CONFIG|main|setFileHandlers|Now logging to C:\PacketB_Magnolia Student Info and PC Squared\pc2-9.2.5\bin\profiles\Pc860fdf7-b6ef-4a44-854c-d7e7bb3968ca directory.
170209 123010.319|INFO|main|info|
170209 123010.319|INFO|main|info|Version 9.2.5 20151014 (Wednesday, October 14th 2015 03:59 UTC) Java ver 1.8.0_111 build 3204 Windows 8.1 6.3 (amd64) 
170209 123010.319|INFO|main|startLog|Working directory is C:\PacketB_Magnolia Student Info and PC Squared\pc2-9.2.5\bin
170209 123010.319|INFO|main|startLog|Process id is 1996@Mellen
170209 123037.241|CONFIG|main|setFileHandlers|Now logging to C:\PacketB_Magnolia Student Info and PC Squared\pc2-9.2.5\bin\profiles\Pc860fdf7-b6ef-4a44-854c-d7e7bb3968ca directory.
170209 123037.241|INFO|main|info|
170209 123037.241|INFO|main|info|Version 9.2.5 20151014 (Wednesday, October 14th 2015 03:59 UTC) Java ver 1.8.0_111 build 3204 Windows 8.1 6.3 (amd64) 
170209 123037.241|INFO|main|startLog|Working directory is C:\PacketB_Magnolia Student Info and PC Squared\pc2-9.2.5\bin
170209 123037.241|INFO|main|startLog|Process id is 6424@Mellen
