170205 170409.537|CONFIG|AWT-EventQueue-0|setFileHandlers|Now logging to C:\PacketA_2017_Waller\pc2-9.2.5\bin\logs directory.
170205 170409.537|INFO|AWT-EventQueue-0|info|
170205 170409.537|INFO|AWT-EventQueue-0|info|Version 9.2.5 20151014 (Wednesday, October 14th 2015 03:59 UTC) Java ver 1.8.0_111 build 3204 Windows 8.1 6.3 (amd64) 
170205 170409.537|INFO|AWT-EventQueue-0|info|Login: adminstrator (aka root)
170205 170409.537|INFO|AWT-EventQueue-0|startLog|Working directory is C:\PacketA_2017_Waller\pc2-9.2.5\bin
170205 170409.537|INFO|AWT-EventQueue-0|startLog|Process id is 8116@Mellen
170205 170409.537|INFO|AWT-EventQueue-0|info|Contacting server at localhost:50002 as ADMINISTRATOR0 @ site 0
170205 170409.537|INFO|AWT-EventQueue-0|info|sendLoginRequest start - sending from ADMINISTRATOR0 @ site 0
170205 170409.569|INFO|AWT-EventQueue-0|sendToLocalServer|Sending packet to server Packet[LOGIN_REQUEST] #1 ADMINISTRATOR0 @ site 0 -> SERVER0 @ site 0
170205 170409.584|INFO|Thread-4|run|send(Serializable)
170205 170409.584|INFO|AWT-EventQueue-0|sendToLocalServer|Sent    packet to server Packet[LOGIN_REQUEST] #1 ADMINISTRATOR0 @ site 0 -> SERVER0 @ site 0
170205 170409.584|INFO|AWT-EventQueue-0|info|sendLoginRequest end - packet sent.
170205 170410.115|INFO|Thread-1|receive|public void receive(SealedObject TransportPacket, ConnectionHandlerID connectionHandlerID)
170205 170410.131|INFO|Thread-5|info| receiveObject(S) start got Packet[LOGIN_FAILED] #2 SERVER0 @ site 1 -> ADMINISTRATOR0 @ site 0
170205 170410.131|INFO|Thread-5|dumpPacket|Packet LOGIN_FAILED (Seq #2 ) recieveObject
170205 170410.147|INFO|Thread-5|dumpPacket|  From: SERVER0 @ site 1 (Mellen @ 192.168.1.13) (Contest Id: Default-3425878675268062453)
170205 170410.147|INFO|Thread-5|dumpPacket|    To: ADMINISTRATOR0 @ site 0
170205 170410.147|INFO|Thread-5|dumpPacket|   key: MESSAGE_STRING is: java.lang.String No such account
170205 170410.147|INFO|Thread-5|info|handlePacket start Packet[LOGIN_FAILED] #2 SERVER0 @ site 1 -> ADMINISTRATOR0 @ site 0
170205 170410.147|INFO|Thread-5|dumpPacket|Packet LOGIN_FAILED (Seq #2 ) handlePacket
170205 170410.147|INFO|Thread-5|dumpPacket|  From: SERVER0 @ site 1 (Mellen @ 192.168.1.13) (Contest Id: Default-3425878675268062453)
170205 170410.147|INFO|Thread-5|dumpPacket|    To: ADMINISTRATOR0 @ site 0
170205 170410.147|INFO|Thread-5|dumpPacket|   key: MESSAGE_STRING is: java.lang.String No such account
170205 170410.162|INFO|Thread-5|info| receiveObject(S) end   got Packet[LOGIN_FAILED] #2 SERVER0 @ site 1 -> ADMINISTRATOR0 @ site 0
170209 125246.591|CONFIG|AWT-EventQueue-0|setFileHandlers|Now logging to C:\PacketB_Magnolia Student Info and PC Squared\pc2-9.2.5\bin\logs directory.
170209 125246.638|INFO|AWT-EventQueue-0|info|
170209 125246.638|INFO|AWT-EventQueue-0|info|Version 9.2.5 20151014 (Wednesday, October 14th 2015 03:59 UTC) Java ver 1.8.0_111 build 3204 Windows 8.1 6.3 (amd64) 
170209 125246.638|INFO|AWT-EventQueue-0|info|Login: adminsitrator1 (aka root)
170209 125246.638|INFO|AWT-EventQueue-0|startLog|Working directory is C:\PacketB_Magnolia Student Info and PC Squared\pc2-9.2.5\bin
170209 125246.638|INFO|AWT-EventQueue-0|startLog|Process id is 368@Mellen
170209 125246.638|INFO|AWT-EventQueue-0|info|Contacting server at localhost:50002 as ADMINISTRATOR0 @ site 0
170209 125246.638|INFO|AWT-EventQueue-0|info|sendLoginRequest start - sending from ADMINISTRATOR0 @ site 0
170209 125246.654|INFO|AWT-EventQueue-0|sendToLocalServer|Sending packet to server Packet[LOGIN_REQUEST] #1 ADMINISTRATOR0 @ site 0 -> SERVER0 @ site 0
170209 125246.670|INFO|AWT-EventQueue-0|sendToLocalServer|Sent    packet to server Packet[LOGIN_REQUEST] #1 ADMINISTRATOR0 @ site 0 -> SERVER0 @ site 0
170209 125246.701|INFO|AWT-EventQueue-0|info|sendLoginRequest end - packet sent.
170209 125246.732|INFO|Thread-4|run|send(Serializable)
170209 125247.038|INFO|Thread-1|receive|public void receive(SealedObject TransportPacket, ConnectionHandlerID connectionHandlerID)
170209 125247.053|INFO|Thread-5|info| receiveObject(S) start got Packet[LOGIN_FAILED] #106 SERVER0 @ site 1 -> ADMINISTRATOR0 @ site 0
170209 125247.053|INFO|Thread-5|dumpPacket|Packet LOGIN_FAILED (Seq #106 ) recieveObject
170209 125247.053|INFO|Thread-5|dumpPacket|  From: SERVER0 @ site 1 (Mellen @ 10.252.65.255) (Contest Id: Default-3425878675268062453)
170209 125247.053|INFO|Thread-5|dumpPacket|    To: ADMINISTRATOR0 @ site 0
170209 125247.053|INFO|Thread-5|dumpPacket|   key: MESSAGE_STRING is: java.lang.String No such account
170209 125247.053|INFO|Thread-5|info|handlePacket start Packet[LOGIN_FAILED] #106 SERVER0 @ site 1 -> ADMINISTRATOR0 @ site 0
170209 125247.053|INFO|Thread-5|dumpPacket|Packet LOGIN_FAILED (Seq #106 ) handlePacket
170209 125247.069|INFO|Thread-5|dumpPacket|  From: SERVER0 @ site 1 (Mellen @ 10.252.65.255) (Contest Id: Default-3425878675268062453)
170209 125247.069|INFO|Thread-5|dumpPacket|    To: ADMINISTRATOR0 @ site 0
170209 125247.069|INFO|Thread-5|dumpPacket|   key: MESSAGE_STRING is: java.lang.String No such account
170209 125247.069|INFO|Thread-5|info| receiveObject(S) end   got Packet[LOGIN_FAILED] #106 SERVER0 @ site 1 -> ADMINISTRATOR0 @ site 0
