170205 173029.081|CONFIG|AWT-EventQueue-0|setFileHandlers|Now logging to C:\PacketA_2017_Waller\pc2-9.2.5\bin\logs directory.
170205 173029.081|INFO|AWT-EventQueue-0|info|
170205 173029.081|INFO|AWT-EventQueue-0|info|Version 9.2.5 20151014 (Wednesday, October 14th 2015 03:59 UTC) Java ver 1.8.0_111 build 3204 Windows 8.1 6.3 (amd64) 
170205 173029.081|INFO|AWT-EventQueue-0|info|Login: judge1 (aka judge1)
170205 173029.096|INFO|AWT-EventQueue-0|startLog|Working directory is C:\PacketA_2017_Waller\pc2-9.2.5\bin
170205 173029.096|INFO|AWT-EventQueue-0|startLog|Process id is 8024@Mellen
170205 173029.096|INFO|AWT-EventQueue-0|info|Contacting server at localhost:50002 as JUDGE1 @ site 0
170205 173029.096|INFO|AWT-EventQueue-0|info|sendLoginRequest start - sending from JUDGE1 @ site 0
170205 173029.112|INFO|AWT-EventQueue-0|sendToLocalServer|Sending packet to server Packet[LOGIN_REQUEST] #1 JUDGE1 @ site 0 -> SERVER0 @ site 0
170205 173029.127|INFO|Thread-4|run|send(Serializable)
170205 173029.127|INFO|AWT-EventQueue-0|sendToLocalServer|Sent    packet to server Packet[LOGIN_REQUEST] #1 JUDGE1 @ site 0 -> SERVER0 @ site 0
170205 173029.127|INFO|AWT-EventQueue-0|info|sendLoginRequest end - packet sent.
170205 173029.440|INFO|Thread-1|receive|public void receive(SealedObject TransportPacket, ConnectionHandlerID connectionHandlerID)
170205 173029.612|INFO|Thread-1|receive|public void receive(SealedObject TransportPacket, ConnectionHandlerID connectionHandlerID)
170205 173029.628|INFO|Thread-5|info| receiveObject(S) start got Packet[LOGIN_SUCCESS] #168 SERVER0 @ site 1 -> JUDGE1 @ site 1
170205 173029.628|INFO|Thread-5|dumpPacket|Packet LOGIN_SUCCESS (Seq #168 ) recieveObject
170205 173029.628|INFO|Thread-5|dumpPacket|  From: SERVER0 @ site 1 (Mellen @ 192.168.1.13) (Contest Id: Default-3425878675268062453)
170205 173029.628|INFO|Thread-5|dumpPacket|    To: JUDGE1 @ site 1
170205 173029.628|INFO|Thread-5|dumpPacket|   key: BALLOON_SETTINGS_LIST is: [Ledu.csus.ecs.pc2.core.model.BalloonSettings; [Ledu.csus.ecs.pc2.core.model.BalloonSettings;@5beb15dc
170205 173029.628|INFO|Thread-5|dumpPacket|   key: REMOTE_LOGGED_IN_USERS is: [Ledu.csus.ecs.pc2.core.model.ClientId; [Ledu.csus.ecs.pc2.core.model.ClientId;@552ce0d1
170205 173029.643|INFO|Thread-5|dumpPacket|   key: CLARIFICATION_LIST is: [Ledu.csus.ecs.pc2.core.model.Clarification; [Ledu.csus.ecs.pc2.core.model.Clarification;@51137eac
170205 173029.643|INFO|Thread-5|dumpPacket|   key: CLIENT_ID is: edu.csus.ecs.pc2.core.model.ClientId JUDGE1 @ site 1
170205 173029.643|INFO|Thread-5|dumpPacket|   key: PROBLEM_DATA_FILES is: [Ledu.csus.ecs.pc2.core.model.ProblemDataFiles; [Ledu.csus.ecs.pc2.core.model.ProblemDataFiles;@1411eaea
170205 173029.643|INFO|Thread-5|dumpPacket|   key: CONTEST_TIME_LIST is: [Ledu.csus.ecs.pc2.core.model.ContestTime; [Ledu.csus.ecs.pc2.core.model.ContestTime;@17574841
170205 173029.643|INFO|Thread-5|dumpPacket|   key: CONTEST_IDENTIFIER is: java.lang.String Default-3425878675268062453
170205 173029.643|INFO|Thread-5|dumpPacket|   key: GROUP_LIST is: [Ledu.csus.ecs.pc2.core.model.Group; [Ledu.csus.ecs.pc2.core.model.Group;@25cf1812
170205 173029.643|INFO|Thread-5|dumpPacket|   key: LANGUAGE_LIST is: [Ledu.csus.ecs.pc2.core.model.Language; [Ledu.csus.ecs.pc2.core.model.Language;@6f63e419
170205 173029.643|INFO|Thread-5|dumpPacket|   key: JUDGEMENT_LIST is: [Ledu.csus.ecs.pc2.core.model.Judgement; [Ledu.csus.ecs.pc2.core.model.Judgement;@743e15a5
170205 173029.643|INFO|Thread-5|dumpPacket|   key: SITE_NUMBER is: java.lang.Integer 1
170205 173029.643|INFO|Thread-5|dumpPacket|   key: RUN_LIST is: [Ledu.csus.ecs.pc2.core.model.Run; [Ledu.csus.ecs.pc2.core.model.Run;@59064e23
170205 173029.643|INFO|Thread-6|info| receiveObject(S) start got Packet[LOGIN] #169 SERVER0 @ site 1 -> SERVER0 @ site 0
170205 173029.643|INFO|Thread-5|dumpPacket|   key: SERVER_CLOCK_OFFSET is: java.util.GregorianCalendar java.util.GregorianCalendar[time=1486337429378,areFieldsSet=true,areAllFieldsSet=false,lenient=true,zone=sun.util.calendar.ZoneInfo[id="GMT",offset=0,dstSavings=0,useDaylight=false,transitions=0,lastRule=null],firstDayOfWeek=1,minimalDaysInFirstWeek=1,ERA=1,YEAR=2017,MONTH=1,WEEK_OF_YEAR=6,WEEK_OF_MONTH=2,DAY_OF_MONTH=5,DAY_OF_YEAR=36,DAY_OF_WEEK=1,DAY_OF_WEEK_IN_MONTH=1,AM_PM=1,HOUR=11,HOUR_OF_DAY=23,MINUTE=30,SECOND=29,MILLISECOND=378,ZONE_OFFSET=0,DST_OFFSET=0]
170205 173029.643|INFO|Thread-6|dumpPacket|Packet LOGIN (Seq #169 ) recieveObject
170205 173029.643|INFO|Thread-5|dumpPacket|   key: LOCAL_LOGGED_IN_USERS is: [Ledu.csus.ecs.pc2.core.model.ClientId; [Ledu.csus.ecs.pc2.core.model.ClientId;@454c299
170205 173029.643|INFO|Thread-6|dumpPacket|  From: SERVER0 @ site 1 (Mellen @ 192.168.1.13) (Contest Id: Default-3425878675268062453)
170205 173029.643|INFO|Thread-5|dumpPacket|   key: GENERAL_PROBLEM is: edu.csus.ecs.pc2.core.model.Problem General
170205 173029.643|INFO|Thread-6|dumpPacket|    To: SERVER0 @ site 0
170205 173029.643|INFO|Thread-5|dumpPacket|   key: CONNECTION_HANDLE_ID_LIST is: [Ledu.csus.ecs.pc2.core.transport.ConnectionHandlerID; [Ledu.csus.ecs.pc2.core.transport.ConnectionHandlerID;@7467ad26
170205 173029.643|INFO|Thread-6|dumpPacket|   key: CLIENT_SETTINGS is: edu.csus.ecs.pc2.core.model.ClientSettings edu.csus.ecs.pc2.core.model.ClientSettings@6b0f0a85
170205 173029.643|INFO|Thread-5|dumpPacket|   key: CONTEST_TIME is: edu.csus.ecs.pc2.core.model.ContestTime edu.csus.ecs.pc2.core.model.ContestTime@70700d32
170205 173029.643|INFO|Thread-5|dumpPacket|   key: PROFILE is: edu.csus.ecs.pc2.core.model.Profile Default-4573646733056024069
170205 173029.643|INFO|Thread-6|dumpPacket|   key: CONNECTION_HANDLE_ID is: edu.csus.ecs.pc2.core.transport.ConnectionHandlerID Socket[addr=/127.0.0.1,port=52095,localport=50002]-8062255120021828187
170205 173029.643|INFO|Thread-5|dumpPacket|   key: SITE_LIST is: [Ledu.csus.ecs.pc2.core.model.Site; [Ledu.csus.ecs.pc2.core.model.Site;@1b6c3249
170205 173029.643|INFO|Thread-6|dumpPacket|   key: CLIENT_ID is: edu.csus.ecs.pc2.core.model.ClientId JUDGE1 @ site 1
170205 173029.643|INFO|Thread-5|dumpPacket|   key: PROBLEM_LIST is: [Ledu.csus.ecs.pc2.core.model.Problem; [Ledu.csus.ecs.pc2.core.model.Problem;@398e6bb7
170205 173029.643|INFO|Thread-6|info|handlePacket start Packet[LOGIN] #169 SERVER0 @ site 1 -> SERVER0 @ site 0
170205 173029.643|INFO|Thread-5|dumpPacket|   key: CLIENT_SETTINGS_LIST is: [Ledu.csus.ecs.pc2.core.model.ClientSettings; [Ledu.csus.ecs.pc2.core.model.ClientSettings;@70c9ff3d
170205 173029.643|INFO|Thread-6|dumpPacket|Packet LOGIN (Seq #169 ) handlePacket
170205 173029.643|INFO|Thread-5|dumpPacket|   key: PROFILE_LIST is: [Ledu.csus.ecs.pc2.core.model.Profile; [Ledu.csus.ecs.pc2.core.model.Profile;@a0758b
170205 173029.643|INFO|Thread-6|dumpPacket|  From: SERVER0 @ site 1 (Mellen @ 192.168.1.13) (Contest Id: Default-3425878675268062453)
170205 173029.643|INFO|Thread-5|dumpPacket|   key: CONTEST_INFORMATION is: edu.csus.ecs.pc2.core.model.ContestInformation edu.csus.ecs.pc2.core.model.ContestInformation@7aa4f1ac
170205 173029.643|INFO|Thread-6|dumpPacket|    To: SERVER0 @ site 0
170205 173029.643|INFO|Thread-5|dumpPacket|   key: ACCOUNT_ARRAY is: [Ledu.csus.ecs.pc2.core.model.Account; [Ledu.csus.ecs.pc2.core.model.Account;@303dee9c
170205 173029.659|INFO|Thread-6|dumpPacket|   key: CLIENT_SETTINGS is: edu.csus.ecs.pc2.core.model.ClientSettings edu.csus.ecs.pc2.core.model.ClientSettings@6b0f0a85
170205 173029.659|INFO|Thread-5|info|handlePacket start Packet[LOGIN_SUCCESS] #168 SERVER0 @ site 1 -> JUDGE1 @ site 1
170205 173029.659|INFO|Thread-6|dumpPacket|   key: CONNECTION_HANDLE_ID is: edu.csus.ecs.pc2.core.transport.ConnectionHandlerID Socket[addr=/127.0.0.1,port=52095,localport=50002]-8062255120021828187
170205 173029.659|INFO|Thread-5|dumpPacket|Packet LOGIN_SUCCESS (Seq #168 ) handlePacket
170205 173029.659|INFO|Thread-6|dumpPacket|   key: CLIENT_ID is: edu.csus.ecs.pc2.core.model.ClientId JUDGE1 @ site 1
170205 173029.659|INFO|Thread-5|dumpPacket|  From: SERVER0 @ site 1 (Mellen @ 192.168.1.13) (Contest Id: Default-3425878675268062453)
170205 173029.659|INFO|Thread-5|dumpPacket|    To: JUDGE1 @ site 1
170205 173029.659|INFO|Thread-6|info|Note: got a LOGIN packet before this site was logged in Packet[LOGIN] #169 SERVER0 @ site 1 -> SERVER0 @ site 0
170205 173029.659|INFO|Thread-5|dumpPacket|   key: BALLOON_SETTINGS_LIST is: [Ledu.csus.ecs.pc2.core.model.BalloonSettings; [Ledu.csus.ecs.pc2.core.model.BalloonSettings;@5beb15dc
170205 173029.659|INFO|Thread-6|info|handlePacket end Packet[LOGIN] #169 SERVER0 @ site 1 -> SERVER0 @ site 0
170205 173029.659|INFO|Thread-6|info| receiveObject(S) end   got Packet[LOGIN] #169 SERVER0 @ site 1 -> SERVER0 @ site 0
170205 173029.659|INFO|Thread-5|dumpPacket|   key: REMOTE_LOGGED_IN_USERS is: [Ledu.csus.ecs.pc2.core.model.ClientId; [Ledu.csus.ecs.pc2.core.model.ClientId;@552ce0d1
170205 173029.659|INFO|Thread-5|dumpPacket|   key: CLARIFICATION_LIST is: [Ledu.csus.ecs.pc2.core.model.Clarification; [Ledu.csus.ecs.pc2.core.model.Clarification;@51137eac
170205 173029.659|INFO|Thread-5|dumpPacket|   key: CLIENT_ID is: edu.csus.ecs.pc2.core.model.ClientId JUDGE1 @ site 1
170205 173029.659|INFO|Thread-5|dumpPacket|   key: PROBLEM_DATA_FILES is: [Ledu.csus.ecs.pc2.core.model.ProblemDataFiles; [Ledu.csus.ecs.pc2.core.model.ProblemDataFiles;@1411eaea
170205 173029.659|INFO|Thread-5|dumpPacket|   key: CONTEST_TIME_LIST is: [Ledu.csus.ecs.pc2.core.model.ContestTime; [Ledu.csus.ecs.pc2.core.model.ContestTime;@17574841
170205 173029.659|INFO|Thread-5|dumpPacket|   key: CONTEST_IDENTIFIER is: java.lang.String Default-3425878675268062453
170205 173029.659|INFO|Thread-5|dumpPacket|   key: GROUP_LIST is: [Ledu.csus.ecs.pc2.core.model.Group; [Ledu.csus.ecs.pc2.core.model.Group;@25cf1812
170205 173029.659|INFO|Thread-5|dumpPacket|   key: LANGUAGE_LIST is: [Ledu.csus.ecs.pc2.core.model.Language; [Ledu.csus.ecs.pc2.core.model.Language;@6f63e419
170205 173029.659|INFO|Thread-5|dumpPacket|   key: JUDGEMENT_LIST is: [Ledu.csus.ecs.pc2.core.model.Judgement; [Ledu.csus.ecs.pc2.core.model.Judgement;@743e15a5
170205 173029.659|INFO|Thread-5|dumpPacket|   key: SITE_NUMBER is: java.lang.Integer 1
170205 173029.659|INFO|Thread-5|dumpPacket|   key: RUN_LIST is: [Ledu.csus.ecs.pc2.core.model.Run; [Ledu.csus.ecs.pc2.core.model.Run;@59064e23
170205 173029.659|INFO|Thread-5|dumpPacket|   key: SERVER_CLOCK_OFFSET is: java.util.GregorianCalendar java.util.GregorianCalendar[time=1486337429378,areFieldsSet=true,areAllFieldsSet=false,lenient=true,zone=sun.util.calendar.ZoneInfo[id="GMT",offset=0,dstSavings=0,useDaylight=false,transitions=0,lastRule=null],firstDayOfWeek=1,minimalDaysInFirstWeek=1,ERA=1,YEAR=2017,MONTH=1,WEEK_OF_YEAR=6,WEEK_OF_MONTH=2,DAY_OF_MONTH=5,DAY_OF_YEAR=36,DAY_OF_WEEK=1,DAY_OF_WEEK_IN_MONTH=1,AM_PM=1,HOUR=11,HOUR_OF_DAY=23,MINUTE=30,SECOND=29,MILLISECOND=378,ZONE_OFFSET=0,DST_OFFSET=0]
170205 173029.659|INFO|Thread-5|dumpPacket|   key: LOCAL_LOGGED_IN_USERS is: [Ledu.csus.ecs.pc2.core.model.ClientId; [Ledu.csus.ecs.pc2.core.model.ClientId;@454c299
170205 173029.659|INFO|Thread-5|dumpPacket|   key: GENERAL_PROBLEM is: edu.csus.ecs.pc2.core.model.Problem General
170205 173029.659|INFO|Thread-5|dumpPacket|   key: CONNECTION_HANDLE_ID_LIST is: [Ledu.csus.ecs.pc2.core.transport.ConnectionHandlerID; [Ledu.csus.ecs.pc2.core.transport.ConnectionHandlerID;@7467ad26
170205 173029.659|INFO|Thread-5|dumpPacket|   key: CONTEST_TIME is: edu.csus.ecs.pc2.core.model.ContestTime edu.csus.ecs.pc2.core.model.ContestTime@70700d32
170205 173029.659|INFO|Thread-5|dumpPacket|   key: PROFILE is: edu.csus.ecs.pc2.core.model.Profile Default-4573646733056024069
170205 173029.659|INFO|Thread-5|dumpPacket|   key: SITE_LIST is: [Ledu.csus.ecs.pc2.core.model.Site; [Ledu.csus.ecs.pc2.core.model.Site;@1b6c3249
170205 173029.659|INFO|Thread-5|dumpPacket|   key: PROBLEM_LIST is: [Ledu.csus.ecs.pc2.core.model.Problem; [Ledu.csus.ecs.pc2.core.model.Problem;@398e6bb7
170205 173029.659|INFO|Thread-5|dumpPacket|   key: CLIENT_SETTINGS_LIST is: [Ledu.csus.ecs.pc2.core.model.ClientSettings; [Ledu.csus.ecs.pc2.core.model.ClientSettings;@70c9ff3d
170205 173029.675|INFO|Thread-5|dumpPacket|   key: PROFILE_LIST is: [Ledu.csus.ecs.pc2.core.model.Profile; [Ledu.csus.ecs.pc2.core.model.Profile;@a0758b
170205 173029.675|INFO|Thread-5|dumpPacket|   key: CONTEST_INFORMATION is: edu.csus.ecs.pc2.core.model.ContestInformation edu.csus.ecs.pc2.core.model.ContestInformation@7aa4f1ac
170205 173029.675|INFO|Thread-5|dumpPacket|   key: ACCOUNT_ARRAY is: [Ledu.csus.ecs.pc2.core.model.Account; [Ledu.csus.ecs.pc2.core.model.Account;@303dee9c
170205 173045.842|INFO|Thread-1|receive|public void receive(SealedObject TransportPacket, ConnectionHandlerID connectionHandlerID)
170205 173106.601|INFO|Thread-1|receive|public void receive(SealedObject TransportPacket, ConnectionHandlerID connectionHandlerID)
170205 173136.910|INFO|Thread-1|receive|public void receive(SealedObject TransportPacket, ConnectionHandlerID connectionHandlerID)
170205 173140.629|INFO|Thread-10|run|send(Serializable)
170205 173140.848|INFO|Thread-1|receive|public void receive(SealedObject TransportPacket, ConnectionHandlerID connectionHandlerID)
170205 173140.879|INFO|Thread-1|receive|public void receive(SealedObject TransportPacket, ConnectionHandlerID connectionHandlerID)
170205 173151.594|INFO|Thread-22|run|send(Serializable)
170205 173151.813|INFO|Thread-1|receive|public void receive(SealedObject TransportPacket, ConnectionHandlerID connectionHandlerID)
170205 173204.788|INFO|Thread-1|receive|public void receive(SealedObject TransportPacket, ConnectionHandlerID connectionHandlerID)
170205 173213.713|INFO|Thread-1|receive|public void receive(SealedObject TransportPacket, ConnectionHandlerID connectionHandlerID)
170205 173227.617|INFO|Thread-1|receive|public void receive(SealedObject TransportPacket, ConnectionHandlerID connectionHandlerID)
170205 173237.796|INFO|Thread-1|receive|public void receive(SealedObject TransportPacket, ConnectionHandlerID connectionHandlerID)
170205 173250.064|INFO|Thread-1|receive|public void receive(SealedObject TransportPacket, ConnectionHandlerID connectionHandlerID)
170205 173303.291|INFO|Thread-1|receive|public void receive(SealedObject TransportPacket, ConnectionHandlerID connectionHandlerID)
170205 173314.906|INFO|Thread-1|receive|public void receive(SealedObject TransportPacket, ConnectionHandlerID connectionHandlerID)
170205 173328.974|INFO|Thread-1|receive|public void receive(SealedObject TransportPacket, ConnectionHandlerID connectionHandlerID)
170205 173339.419|INFO|Thread-1|receive|public void receive(SealedObject TransportPacket, ConnectionHandlerID connectionHandlerID)
170205 173354.143|INFO|Thread-1|receive|public void receive(SealedObject TransportPacket, ConnectionHandlerID connectionHandlerID)
170205 173518.127|INFO|Thread-1|receive|public void receive(SealedObject TransportPacket, ConnectionHandlerID connectionHandlerID)
170205 173544.469|INFO|Thread-1|receive|public void receive(SealedObject TransportPacket, ConnectionHandlerID connectionHandlerID)
170205 173607.418|INFO|Thread-1|receive|public void receive(SealedObject TransportPacket, ConnectionHandlerID connectionHandlerID)
170205 173618.968|INFO|Thread-37|run|send(Serializable)
170205 173619.124|INFO|Thread-1|receive|public void receive(SealedObject TransportPacket, ConnectionHandlerID connectionHandlerID)
170205 173619.249|INFO|Thread-1|receive|public void receive(SealedObject TransportPacket, ConnectionHandlerID connectionHandlerID)
170205 173627.733|INFO|Thread-49|run|send(Serializable)
170205 173627.952|INFO|Thread-1|receive|public void receive(SealedObject TransportPacket, ConnectionHandlerID connectionHandlerID)
170205 173629.015|INFO|Thread-51|run|send(Serializable)
170205 173629.171|INFO|Thread-1|receive|public void receive(SealedObject TransportPacket, ConnectionHandlerID connectionHandlerID)
170205 173629.202|INFO|Thread-1|receive|public void receive(SealedObject TransportPacket, ConnectionHandlerID connectionHandlerID)
170205 173637.563|INFO|Thread-63|run|send(Serializable)
170205 173637.750|INFO|Thread-1|receive|public void receive(SealedObject TransportPacket, ConnectionHandlerID connectionHandlerID)
170205 173638.633|INFO|Thread-65|run|send(Serializable)
170205 173638.836|INFO|Thread-1|receive|public void receive(SealedObject TransportPacket, ConnectionHandlerID connectionHandlerID)
170205 173638.915|INFO|Thread-1|receive|public void receive(SealedObject TransportPacket, ConnectionHandlerID connectionHandlerID)
170205 173648.311|INFO|Thread-77|run|send(Serializable)
170205 173648.514|INFO|Thread-1|receive|public void receive(SealedObject TransportPacket, ConnectionHandlerID connectionHandlerID)
170205 173649.545|INFO|Thread-79|run|send(Serializable)
170205 173649.733|INFO|Thread-1|receive|public void receive(SealedObject TransportPacket, ConnectionHandlerID connectionHandlerID)
170205 173649.811|INFO|Thread-1|receive|public void receive(SealedObject TransportPacket, ConnectionHandlerID connectionHandlerID)
170205 173657.249|INFO|Thread-91|run|send(Serializable)
170205 173657.452|INFO|Thread-1|receive|public void receive(SealedObject TransportPacket, ConnectionHandlerID connectionHandlerID)
170205 173658.656|INFO|Thread-93|run|send(Serializable)
170205 173659.015|INFO|Thread-1|receive|public void receive(SealedObject TransportPacket, ConnectionHandlerID connectionHandlerID)
170205 173659.047|INFO|Thread-1|receive|public void receive(SealedObject TransportPacket, ConnectionHandlerID connectionHandlerID)
170205 173725.157|INFO|Thread-1|receive|public void receive(SealedObject TransportPacket, ConnectionHandlerID connectionHandlerID)
170205 173729.470|INFO|Thread-106|run|send(Serializable)
170205 173729.705|INFO|Thread-1|receive|public void receive(SealedObject TransportPacket, ConnectionHandlerID connectionHandlerID)
170205 173730.611|INFO|Thread-108|run|send(Serializable)
170205 173730.923|INFO|Thread-1|receive|public void receive(SealedObject TransportPacket, ConnectionHandlerID connectionHandlerID)
170205 173730.970|INFO|Thread-1|receive|public void receive(SealedObject TransportPacket, ConnectionHandlerID connectionHandlerID)
170205 173747.774|INFO|Thread-1|receive|public void receive(SealedObject TransportPacket, ConnectionHandlerID connectionHandlerID)
170205 173808.891|INFO|Thread-128|run|send(Serializable)
170205 173809.125|INFO|Thread-1|receive|public void receive(SealedObject TransportPacket, ConnectionHandlerID connectionHandlerID)
170205 173810.500|INFO|Thread-130|run|send(Serializable)
170205 173810.735|INFO|Thread-1|receive|public void receive(SealedObject TransportPacket, ConnectionHandlerID connectionHandlerID)
170205 173810.766|INFO|Thread-1|receive|public void receive(SealedObject TransportPacket, ConnectionHandlerID connectionHandlerID)
170205 173818.333|INFO|Thread-142|run|send(Serializable)
170205 173818.520|INFO|Thread-1|receive|public void receive(SealedObject TransportPacket, ConnectionHandlerID connectionHandlerID)
170205 173819.270|INFO|Thread-144|run|send(Serializable)
170205 173819.473|INFO|Thread-1|receive|public void receive(SealedObject TransportPacket, ConnectionHandlerID connectionHandlerID)
170205 173819.504|INFO|Thread-1|receive|public void receive(SealedObject TransportPacket, ConnectionHandlerID connectionHandlerID)
170205 173956.742|INFO|Thread-1|receive|public void receive(SealedObject TransportPacket, ConnectionHandlerID connectionHandlerID)
170205 174017.021|INFO|Thread-173|run|send(Serializable)
170205 174017.302|INFO|Thread-1|receive|public void receive(SealedObject TransportPacket, ConnectionHandlerID connectionHandlerID)
170205 174018.318|INFO|Thread-175|run|send(Serializable)
170205 174018.458|INFO|Thread-1|receive|public void receive(SealedObject TransportPacket, ConnectionHandlerID connectionHandlerID)
170205 174018.505|INFO|Thread-1|receive|public void receive(SealedObject TransportPacket, ConnectionHandlerID connectionHandlerID)
170205 174025.752|INFO|Thread-187|run|send(Serializable)
170205 174026.017|INFO|Thread-1|receive|public void receive(SealedObject TransportPacket, ConnectionHandlerID connectionHandlerID)
170205 174026.736|INFO|Thread-189|run|send(Serializable)
170205 174026.877|INFO|Thread-1|receive|public void receive(SealedObject TransportPacket, ConnectionHandlerID connectionHandlerID)
170205 174026.923|INFO|Thread-1|receive|public void receive(SealedObject TransportPacket, ConnectionHandlerID connectionHandlerID)
170205 174035.789|INFO|Thread-201|run|send(Serializable)
170205 174036.009|INFO|Thread-1|receive|public void receive(SealedObject TransportPacket, ConnectionHandlerID connectionHandlerID)
170205 174036.948|INFO|Thread-203|run|send(Serializable)
170205 174037.198|INFO|Thread-1|receive|public void receive(SealedObject TransportPacket, ConnectionHandlerID connectionHandlerID)
170205 174037.214|INFO|Thread-1|receive|public void receive(SealedObject TransportPacket, ConnectionHandlerID connectionHandlerID)
170205 174044.762|INFO|Thread-215|run|send(Serializable)
170205 174044.966|INFO|Thread-1|receive|public void receive(SealedObject TransportPacket, ConnectionHandlerID connectionHandlerID)
170205 174116.484|INFO|Thread-1|receive|public void receive(SealedObject TransportPacket, ConnectionHandlerID connectionHandlerID)
170205 174200.455|INFO|Thread-1|receive|public void receive(SealedObject TransportPacket, ConnectionHandlerID connectionHandlerID)
170205 174235.579|INFO|Thread-1|receive|public void receive(SealedObject TransportPacket, ConnectionHandlerID connectionHandlerID)
