170205 174116.093|CONFIG|AWT-EventQueue-0|setFileHandlers|Now logging to C:\PacketA_2017_Waller\pc2-9.2.5\bin\logs directory.
170205 174116.093|INFO|AWT-EventQueue-0|info|
170205 174116.093|INFO|AWT-EventQueue-0|info|Version 9.2.5 20151014 (Wednesday, October 14th 2015 03:59 UTC) Java ver 1.8.0_111 build 3204 Windows 8.1 6.3 (amd64) 
170205 174116.093|INFO|AWT-EventQueue-0|info|Login: scoreboard1 (aka scoreboard1)
170205 174116.093|INFO|AWT-EventQueue-0|startLog|Working directory is C:\PacketA_2017_Waller\pc2-9.2.5\bin
170205 174116.093|INFO|AWT-EventQueue-0|startLog|Process id is 13476@Mellen
170205 174116.093|INFO|AWT-EventQueue-0|info|Contacting server at localhost:50002 as SCOREBOARD1 @ site 0
170205 174116.093|INFO|AWT-EventQueue-0|info|sendLoginRequest start - sending from SCOREBOARD1 @ site 0
170205 174116.109|INFO|AWT-EventQueue-0|sendToLocalServer|Sending packet to server Packet[LOGIN_REQUEST] #1 SCOREBOARD1 @ site 0 -> SERVER0 @ site 0
170205 174116.140|INFO|Thread-4|run|send(Serializable)
170205 174116.140|INFO|AWT-EventQueue-0|sendToLocalServer|Sent    packet to server Packet[LOGIN_REQUEST] #1 SCOREBOARD1 @ site 0 -> SERVER0 @ site 0
170205 174116.140|INFO|AWT-EventQueue-0|info|sendLoginRequest end - packet sent.
170205 174116.499|INFO|Thread-1|receive|public void receive(SealedObject TransportPacket, ConnectionHandlerID connectionHandlerID)
170205 174116.734|INFO|Thread-5|info| receiveObject(S) start got Packet[LOGIN_SUCCESS] #271 SERVER0 @ site 1 -> SCOREBOARD1 @ site 1
170205 174116.749|INFO|Thread-5|dumpPacket|Packet LOGIN_SUCCESS (Seq #271 ) recieveObject
170205 174116.749|INFO|Thread-5|dumpPacket|  From: SERVER0 @ site 1 (Mellen @ 192.168.1.13) (Contest Id: Default-3425878675268062453)
170205 174116.749|INFO|Thread-5|dumpPacket|    To: SCOREBOARD1 @ site 1
170205 174116.749|INFO|Thread-5|dumpPacket|   key: BALLOON_SETTINGS_LIST is: [Ledu.csus.ecs.pc2.core.model.BalloonSettings; [Ledu.csus.ecs.pc2.core.model.BalloonSettings;@6d4689de
170205 174116.749|INFO|Thread-5|dumpPacket|   key: REMOTE_LOGGED_IN_USERS is: [Ledu.csus.ecs.pc2.core.model.ClientId; [Ledu.csus.ecs.pc2.core.model.ClientId;@63817a06
170205 174116.749|INFO|Thread-5|dumpPacket|   key: CLARIFICATION_LIST is: [Ledu.csus.ecs.pc2.core.model.Clarification; [Ledu.csus.ecs.pc2.core.model.Clarification;@67bee2ae
170205 174116.749|INFO|Thread-5|dumpPacket|   key: CLIENT_ID is: edu.csus.ecs.pc2.core.model.ClientId SCOREBOARD1 @ site 1
170205 174116.749|INFO|Thread-5|dumpPacket|   key: PROBLEM_DATA_FILES is: [Ledu.csus.ecs.pc2.core.model.ProblemDataFiles; [Ledu.csus.ecs.pc2.core.model.ProblemDataFiles;@22bc703d
170205 174116.749|INFO|Thread-5|dumpPacket|   key: CONTEST_TIME_LIST is: [Ledu.csus.ecs.pc2.core.model.ContestTime; [Ledu.csus.ecs.pc2.core.model.ContestTime;@7bed15cd
170205 174116.749|INFO|Thread-5|dumpPacket|   key: CONTEST_IDENTIFIER is: java.lang.String Default-3425878675268062453
170205 174116.749|INFO|Thread-5|dumpPacket|   key: GROUP_LIST is: [Ledu.csus.ecs.pc2.core.model.Group; [Ledu.csus.ecs.pc2.core.model.Group;@135411fc
170205 174116.749|INFO|Thread-5|dumpPacket|   key: LANGUAGE_LIST is: [Ledu.csus.ecs.pc2.core.model.Language; [Ledu.csus.ecs.pc2.core.model.Language;@3ef2aaa
170205 174116.749|INFO|Thread-5|dumpPacket|   key: JUDGEMENT_LIST is: [Ledu.csus.ecs.pc2.core.model.Judgement; [Ledu.csus.ecs.pc2.core.model.Judgement;@42938f72
170205 174116.749|INFO|Thread-5|dumpPacket|   key: SITE_NUMBER is: java.lang.Integer 1
170205 174116.749|INFO|Thread-5|dumpPacket|   key: RUN_LIST is: [Ledu.csus.ecs.pc2.core.model.Run; [Ledu.csus.ecs.pc2.core.model.Run;@5143b990
170205 174116.749|INFO|Thread-5|dumpPacket|   key: SERVER_CLOCK_OFFSET is: java.util.GregorianCalendar java.util.GregorianCalendar[time=1486338076437,areFieldsSet=true,areAllFieldsSet=false,lenient=true,zone=sun.util.calendar.ZoneInfo[id="GMT",offset=0,dstSavings=0,useDaylight=false,transitions=0,lastRule=null],firstDayOfWeek=1,minimalDaysInFirstWeek=1,ERA=1,YEAR=2017,MONTH=1,WEEK_OF_YEAR=6,WEEK_OF_MONTH=2,DAY_OF_MONTH=5,DAY_OF_YEAR=36,DAY_OF_WEEK=1,DAY_OF_WEEK_IN_MONTH=1,AM_PM=1,HOUR=11,HOUR_OF_DAY=23,MINUTE=41,SECOND=16,MILLISECOND=437,ZONE_OFFSET=0,DST_OFFSET=0]
170205 174116.749|INFO|Thread-5|dumpPacket|   key: LOCAL_LOGGED_IN_USERS is: [Ledu.csus.ecs.pc2.core.model.ClientId; [Ledu.csus.ecs.pc2.core.model.ClientId;@622b89b5
170205 174116.749|INFO|Thread-5|dumpPacket|   key: GENERAL_PROBLEM is: edu.csus.ecs.pc2.core.model.Problem General
170205 174116.749|INFO|Thread-5|dumpPacket|   key: CONNECTION_HANDLE_ID_LIST is: [Ledu.csus.ecs.pc2.core.transport.ConnectionHandlerID; [Ledu.csus.ecs.pc2.core.transport.ConnectionHandlerID;@18eb4520
170205 174116.765|INFO|Thread-5|dumpPacket|   key: CONTEST_TIME is: edu.csus.ecs.pc2.core.model.ContestTime edu.csus.ecs.pc2.core.model.ContestTime@46ddb150
170205 174116.765|INFO|Thread-5|dumpPacket|   key: PROFILE is: edu.csus.ecs.pc2.core.model.Profile Default-4573646733056024069
170205 174116.765|INFO|Thread-5|dumpPacket|   key: SITE_LIST is: [Ledu.csus.ecs.pc2.core.model.Site; [Ledu.csus.ecs.pc2.core.model.Site;@a9e1f22
170205 174116.765|INFO|Thread-5|dumpPacket|   key: PROBLEM_LIST is: [Ledu.csus.ecs.pc2.core.model.Problem; [Ledu.csus.ecs.pc2.core.model.Problem;@34c659e5
170205 174116.765|INFO|Thread-5|dumpPacket|   key: CLIENT_SETTINGS_LIST is: [Ledu.csus.ecs.pc2.core.model.ClientSettings; [Ledu.csus.ecs.pc2.core.model.ClientSettings;@7646d818
170205 174116.765|INFO|Thread-5|dumpPacket|   key: PROFILE_LIST is: [Ledu.csus.ecs.pc2.core.model.Profile; [Ledu.csus.ecs.pc2.core.model.Profile;@5d3ab0b1
170205 174116.765|INFO|Thread-5|dumpPacket|   key: CONTEST_INFORMATION is: edu.csus.ecs.pc2.core.model.ContestInformation edu.csus.ecs.pc2.core.model.ContestInformation@27a7d33b
170205 174116.765|INFO|Thread-5|dumpPacket|   key: ACCOUNT_ARRAY is: [Ledu.csus.ecs.pc2.core.model.Account; [Ledu.csus.ecs.pc2.core.model.Account;@21a8bf5b
170205 174116.765|INFO|Thread-5|info|handlePacket start Packet[LOGIN_SUCCESS] #271 SERVER0 @ site 1 -> SCOREBOARD1 @ site 1
170205 174116.765|INFO|Thread-5|dumpPacket|Packet LOGIN_SUCCESS (Seq #271 ) handlePacket
170205 174116.765|INFO|Thread-5|dumpPacket|  From: SERVER0 @ site 1 (Mellen @ 192.168.1.13) (Contest Id: Default-3425878675268062453)
170205 174116.765|INFO|Thread-5|dumpPacket|    To: SCOREBOARD1 @ site 1
170205 174116.765|INFO|Thread-5|dumpPacket|   key: BALLOON_SETTINGS_LIST is: [Ledu.csus.ecs.pc2.core.model.BalloonSettings; [Ledu.csus.ecs.pc2.core.model.BalloonSettings;@6d4689de
170205 174116.765|INFO|Thread-5|dumpPacket|   key: REMOTE_LOGGED_IN_USERS is: [Ledu.csus.ecs.pc2.core.model.ClientId; [Ledu.csus.ecs.pc2.core.model.ClientId;@63817a06
170205 174116.765|INFO|Thread-5|dumpPacket|   key: CLARIFICATION_LIST is: [Ledu.csus.ecs.pc2.core.model.Clarification; [Ledu.csus.ecs.pc2.core.model.Clarification;@67bee2ae
170205 174116.781|INFO|Thread-5|dumpPacket|   key: CLIENT_ID is: edu.csus.ecs.pc2.core.model.ClientId SCOREBOARD1 @ site 1
170205 174116.781|INFO|Thread-5|dumpPacket|   key: PROBLEM_DATA_FILES is: [Ledu.csus.ecs.pc2.core.model.ProblemDataFiles; [Ledu.csus.ecs.pc2.core.model.ProblemDataFiles;@22bc703d
170205 174116.781|INFO|Thread-5|dumpPacket|   key: CONTEST_TIME_LIST is: [Ledu.csus.ecs.pc2.core.model.ContestTime; [Ledu.csus.ecs.pc2.core.model.ContestTime;@7bed15cd
170205 174116.781|INFO|Thread-5|dumpPacket|   key: CONTEST_IDENTIFIER is: java.lang.String Default-3425878675268062453
170205 174116.781|INFO|Thread-5|dumpPacket|   key: GROUP_LIST is: [Ledu.csus.ecs.pc2.core.model.Group; [Ledu.csus.ecs.pc2.core.model.Group;@135411fc
170205 174116.781|INFO|Thread-5|dumpPacket|   key: LANGUAGE_LIST is: [Ledu.csus.ecs.pc2.core.model.Language; [Ledu.csus.ecs.pc2.core.model.Language;@3ef2aaa
170205 174116.781|INFO|Thread-5|dumpPacket|   key: JUDGEMENT_LIST is: [Ledu.csus.ecs.pc2.core.model.Judgement; [Ledu.csus.ecs.pc2.core.model.Judgement;@42938f72
170205 174116.781|INFO|Thread-5|dumpPacket|   key: SITE_NUMBER is: java.lang.Integer 1
170205 174116.781|INFO|Thread-5|dumpPacket|   key: RUN_LIST is: [Ledu.csus.ecs.pc2.core.model.Run; [Ledu.csus.ecs.pc2.core.model.Run;@5143b990
170205 174116.781|INFO|Thread-5|dumpPacket|   key: SERVER_CLOCK_OFFSET is: java.util.GregorianCalendar java.util.GregorianCalendar[time=1486338076437,areFieldsSet=true,areAllFieldsSet=false,lenient=true,zone=sun.util.calendar.ZoneInfo[id="GMT",offset=0,dstSavings=0,useDaylight=false,transitions=0,lastRule=null],firstDayOfWeek=1,minimalDaysInFirstWeek=1,ERA=1,YEAR=2017,MONTH=1,WEEK_OF_YEAR=6,WEEK_OF_MONTH=2,DAY_OF_MONTH=5,DAY_OF_YEAR=36,DAY_OF_WEEK=1,DAY_OF_WEEK_IN_MONTH=1,AM_PM=1,HOUR=11,HOUR_OF_DAY=23,MINUTE=41,SECOND=16,MILLISECOND=437,ZONE_OFFSET=0,DST_OFFSET=0]
170205 174116.781|INFO|Thread-5|dumpPacket|   key: LOCAL_LOGGED_IN_USERS is: [Ledu.csus.ecs.pc2.core.model.ClientId; [Ledu.csus.ecs.pc2.core.model.ClientId;@622b89b5
170205 174116.781|INFO|Thread-5|dumpPacket|   key: GENERAL_PROBLEM is: edu.csus.ecs.pc2.core.model.Problem General
170205 174116.781|INFO|Thread-5|dumpPacket|   key: CONNECTION_HANDLE_ID_LIST is: [Ledu.csus.ecs.pc2.core.transport.ConnectionHandlerID; [Ledu.csus.ecs.pc2.core.transport.ConnectionHandlerID;@18eb4520
170205 174116.781|INFO|Thread-5|dumpPacket|   key: CONTEST_TIME is: edu.csus.ecs.pc2.core.model.ContestTime edu.csus.ecs.pc2.core.model.ContestTime@46ddb150
170205 174116.781|INFO|Thread-5|dumpPacket|   key: PROFILE is: edu.csus.ecs.pc2.core.model.Profile Default-4573646733056024069
170205 174116.781|INFO|Thread-5|dumpPacket|   key: SITE_LIST is: [Ledu.csus.ecs.pc2.core.model.Site; [Ledu.csus.ecs.pc2.core.model.Site;@a9e1f22
170205 174116.781|INFO|Thread-5|dumpPacket|   key: PROBLEM_LIST is: [Ledu.csus.ecs.pc2.core.model.Problem; [Ledu.csus.ecs.pc2.core.model.Problem;@34c659e5
170205 174116.781|INFO|Thread-5|dumpPacket|   key: CLIENT_SETTINGS_LIST is: [Ledu.csus.ecs.pc2.core.model.ClientSettings; [Ledu.csus.ecs.pc2.core.model.ClientSettings;@7646d818
170205 174116.781|INFO|Thread-5|dumpPacket|   key: PROFILE_LIST is: [Ledu.csus.ecs.pc2.core.model.Profile; [Ledu.csus.ecs.pc2.core.model.Profile;@5d3ab0b1
170205 174116.781|INFO|Thread-5|dumpPacket|   key: CONTEST_INFORMATION is: edu.csus.ecs.pc2.core.model.ContestInformation edu.csus.ecs.pc2.core.model.ContestInformation@27a7d33b
170205 174116.781|INFO|Thread-5|dumpPacket|   key: ACCOUNT_ARRAY is: [Ledu.csus.ecs.pc2.core.model.Account; [Ledu.csus.ecs.pc2.core.model.Account;@21a8bf5b
170205 174200.533|INFO|Thread-1|receive|public void receive(SealedObject TransportPacket, ConnectionHandlerID connectionHandlerID)
170209 125139.310|CONFIG|AWT-EventQueue-0|setFileHandlers|Now logging to C:\PacketB_Magnolia Student Info and PC Squared\pc2-9.2.5\bin\logs directory.
170209 125139.341|INFO|AWT-EventQueue-0|info|
170209 125139.341|INFO|AWT-EventQueue-0|info|Version 9.2.5 20151014 (Wednesday, October 14th 2015 03:59 UTC) Java ver 1.8.0_111 build 3204 Windows 8.1 6.3 (amd64) 
170209 125139.357|INFO|AWT-EventQueue-0|info|Login: scoreboard1 (aka scoreboard1)
170209 125139.357|INFO|AWT-EventQueue-0|startLog|Working directory is C:\PacketB_Magnolia Student Info and PC Squared\pc2-9.2.5\bin
170209 125139.357|INFO|AWT-EventQueue-0|startLog|Process id is 9540@Mellen
170209 125139.357|INFO|AWT-EventQueue-0|info|Contacting server at localhost:50002 as SCOREBOARD1 @ site 0
170209 125139.357|INFO|AWT-EventQueue-0|info|sendLoginRequest start - sending from SCOREBOARD1 @ site 0
170209 125139.372|INFO|AWT-EventQueue-0|sendToLocalServer|Sending packet to server Packet[LOGIN_REQUEST] #1 SCOREBOARD1 @ site 0 -> SERVER0 @ site 0
170209 125139.388|INFO|AWT-EventQueue-0|sendToLocalServer|Sent    packet to server Packet[LOGIN_REQUEST] #1 SCOREBOARD1 @ site 0 -> SERVER0 @ site 0
170209 125139.388|INFO|Thread-4|run|send(Serializable)
170209 125139.388|INFO|AWT-EventQueue-0|info|sendLoginRequest end - packet sent.
170209 125139.747|INFO|Thread-1|receive|public void receive(SealedObject TransportPacket, ConnectionHandlerID connectionHandlerID)
170209 125139.778|INFO|Thread-5|info| receiveObject(S) start got Packet[LOGIN_FAILED] #100 SERVER0 @ site 1 -> SCOREBOARD1 @ site 0
170209 125139.778|INFO|Thread-5|dumpPacket|Packet LOGIN_FAILED (Seq #100 ) recieveObject
170209 125139.778|INFO|Thread-5|dumpPacket|  From: SERVER0 @ site 1 (Mellen @ 10.252.65.255) (Contest Id: Default-3425878675268062453)
170209 125139.778|INFO|Thread-5|dumpPacket|    To: SCOREBOARD1 @ site 0
170209 125139.778|INFO|Thread-5|dumpPacket|   key: MESSAGE_STRING is: java.lang.String Invalid password
170209 125139.778|INFO|Thread-5|info|handlePacket start Packet[LOGIN_FAILED] #100 SERVER0 @ site 1 -> SCOREBOARD1 @ site 0
170209 125139.778|INFO|Thread-5|dumpPacket|Packet LOGIN_FAILED (Seq #100 ) handlePacket
170209 125139.778|INFO|Thread-5|dumpPacket|  From: SERVER0 @ site 1 (Mellen @ 10.252.65.255) (Contest Id: Default-3425878675268062453)
170209 125139.778|INFO|Thread-5|dumpPacket|    To: SCOREBOARD1 @ site 0
170209 125139.778|INFO|Thread-5|dumpPacket|   key: MESSAGE_STRING is: java.lang.String Invalid password
170209 125139.794|INFO|Thread-5|info| receiveObject(S) end   got Packet[LOGIN_FAILED] #100 SERVER0 @ site 1 -> SCOREBOARD1 @ site 0
