170210 173819.103|CONFIG|Thread-5|setFileHandlers|Now logging to C:\Users\Duncan\Desktop\PacketB_Magnolia Student Info and PC Squared\pc2-9.2.5\bin\logs directory.
170210 173819.104|INFO|Thread-5|info|
170210 173819.104|INFO|Thread-5|info|Version 9.2.5 20151014 (Wednesday, October 14th 2015 03:59 UTC) Java ver 1.8.0_77 build 3204 Windows 10 10.0 (amd64) 
170210 173819.105|INFO|Thread-5|info|Login: team24 (aka team24)
170210 173819.105|INFO|Thread-5|startLog|Working directory is C:\Users\Duncan\Desktop\PacketB_Magnolia Student Info and PC Squared\pc2-9.2.5\bin
170210 173819.105|INFO|Thread-5|startLog|Process id is 9948@LAPTOP-C60AQ1QG
170210 173819.218|INFO|Thread-5|info|Attempting to load UI class edu.csus.ecs.pc2.ui.team.TeamView
170210 173819.445|INFO|Thread-5|info|Loaded UI class edu.csus.ecs.pc2.ui.team.TeamView
170210 173820.600|INFO|Thread-5|info| handlePacket original LOGIN_SUCCESS after -- all settings loaded 
170210 173820.642|INFO|Thread-5|info|handlePacket end Packet[LOGIN_SUCCESS] #765 SERVER0 @ site 1 -> TEAM24 @ site 1
170210 173820.642|INFO|Thread-5|info| receiveObject(S) end   got Packet[LOGIN_SUCCESS] #765 SERVER0 @ site 1 -> TEAM24 @ site 1
170210 174337.498|INFO|Thread-7|testRun|test run for DryRun Java file: C:\Users\Duncan\Desktop\Magnolia Part 2\Magnolia\DryRun.java
170210 174337.549|DEBUG|Thread-7|compileProgram|before substitution: javac {:mainfile}
170210 174337.550|DEBUG|Thread-7|compileProgram|after  substitution: javac DryRun.java
170210 174337.572|CONFIG|Thread-7|runProgram|executing: 'javac DryRun.java'
170210 174339.942|DEBUG|Thread-7|executeProgram|before substitution: java {:basename}
170210 174339.943|DEBUG|Thread-7|executeProgram|after  substitution: java DryRun
170210 174339.944|CONFIG|Thread-7|runProgram|executing: 'java DryRun'
170210 174344.026|INFO|AWT-EventQueue-0|testOrSubmitRun|submitRun for DryRun Java file: C:\Users\Duncan\Desktop\Magnolia Part 2\Magnolia\DryRun.java
170210 174344.031|INFO|AWT-EventQueue-0|sendToLocalServer|Sending packet to server Packet[RUN_SUBMISSION] #2 TEAM24 @ site 1 -> SERVER0 @ site 1
170210 174344.032|INFO|AWT-EventQueue-0|sendToLocalServer|Sent    packet to server Packet[RUN_SUBMISSION] #2 TEAM24 @ site 1 -> SERVER0 @ site 1
170210 174344.533|INFO|Thread-15|info| receiveObject(S) start got Packet[RUN_SUBMISSION_CONFIRM] #867 SERVER0 @ site 1 -> TEAM24 @ site 1
170210 174344.534|INFO|Thread-15|dumpPacket|Packet RUN_SUBMISSION_CONFIRM (Seq #867 ) recieveObject
170210 174344.541|INFO|Thread-15|dumpPacket|  From: SERVER0 @ site 1 (Mellen @ 192.168.1.145) (Contest Id: Default-3425878675268062453)
170210 174344.542|INFO|Thread-15|dumpPacket|    To: TEAM24 @ site 1
170210 174344.543|INFO|Thread-15|dumpPacket|   key: RUN is: edu.csus.ecs.pc2.core.model.Run Run 70 NEW9738130 ms from TEAM24 @ site 1 id Run-446401193846318342
170210 174344.544|INFO|Thread-15|info|handlePacket start Packet[RUN_SUBMISSION_CONFIRM] #867 SERVER0 @ site 1 -> TEAM24 @ site 1
170210 174344.545|INFO|Thread-15|dumpPacket|Packet RUN_SUBMISSION_CONFIRM (Seq #867 ) handlePacket
170210 174344.547|INFO|Thread-15|dumpPacket|  From: SERVER0 @ site 1 (Mellen @ 192.168.1.145) (Contest Id: Default-3425878675268062453)
170210 174344.550|INFO|Thread-15|dumpPacket|    To: TEAM24 @ site 1
170210 174344.551|INFO|Thread-15|dumpPacket|   key: RUN is: edu.csus.ecs.pc2.core.model.Run Run 70 NEW9738130 ms from TEAM24 @ site 1 id Run-446401193846318342
170210 174346.070|INFO|Thread-15|info| receiveObject(S) end   got Packet[RUN_SUBMISSION_CONFIRM] #867 SERVER0 @ site 1 -> TEAM24 @ site 1
170210 174355.819|INFO|Thread-16|info| receiveObject(S) start got Packet[RUN_JUDGEMENT] #871 SERVER0 @ site 1 -> TEAM24 @ site 1
170210 174355.820|INFO|Thread-16|dumpPacket|Packet RUN_JUDGEMENT (Seq #871 ) recieveObject
170210 174355.820|INFO|Thread-16|dumpPacket|  From: SERVER0 @ site 1 (Mellen @ 192.168.1.145) (Contest Id: Default-3425878675268062453)
170210 174355.821|INFO|Thread-16|dumpPacket|    To: TEAM24 @ site 1
170210 174355.821|INFO|Thread-16|dumpPacket|   key: CLIENT_ID is: edu.csus.ecs.pc2.core.model.ClientId SERVER0 @ site 1
170210 174355.822|INFO|Thread-16|dumpPacket|   key: JUDGEMENT_RECORD is: edu.csus.ecs.pc2.core.model.JudgementRecord Yes by JUDGE3 @ site 1 judgement Yes-3241447729218406501 id JudgementRecord--2265380715406702454
170210 174355.823|INFO|Thread-16|dumpPacket|   key: RUN is: edu.csus.ecs.pc2.core.model.Run Run 70 JUDGED9738130 ms from TEAM24 @ site 1 id Run-446401193846318342
170210 174355.824|INFO|Thread-16|info|handlePacket start Packet[RUN_JUDGEMENT] #871 SERVER0 @ site 1 -> TEAM24 @ site 1
170210 174355.825|INFO|Thread-16|dumpPacket|Packet RUN_JUDGEMENT (Seq #871 ) handlePacket
170210 174355.825|INFO|Thread-16|dumpPacket|  From: SERVER0 @ site 1 (Mellen @ 192.168.1.145) (Contest Id: Default-3425878675268062453)
170210 174355.826|INFO|Thread-16|dumpPacket|    To: TEAM24 @ site 1
170210 174355.826|INFO|Thread-16|dumpPacket|   key: CLIENT_ID is: edu.csus.ecs.pc2.core.model.ClientId SERVER0 @ site 1
170210 174355.827|INFO|Thread-16|dumpPacket|   key: JUDGEMENT_RECORD is: edu.csus.ecs.pc2.core.model.JudgementRecord Yes by JUDGE3 @ site 1 judgement Yes-3241447729218406501 id JudgementRecord--2265380715406702454
170210 174355.828|INFO|Thread-16|dumpPacket|   key: RUN is: edu.csus.ecs.pc2.core.model.Run Run 70 JUDGED9738130 ms from TEAM24 @ site 1 id Run-446401193846318342
170210 174413.345|INFO|Thread-16|info| receiveObject(S) end   got Packet[RUN_JUDGEMENT] #871 SERVER0 @ site 1 -> TEAM24 @ site 1
170210 174908.880|INFO|Thread-17|info| receiveObject(S) start got Packet[CLOCK_STOPPED] #943 SERVER0 @ site 1 -> SERVER0 @ site 0
170210 174908.881|INFO|Thread-17|dumpPacket|Packet CLOCK_STOPPED (Seq #943 ) recieveObject
170210 174908.881|INFO|Thread-17|dumpPacket|  From: SERVER0 @ site 1 (Mellen @ 192.168.1.145) (Contest Id: Default-3425878675268062453)
170210 174908.882|INFO|Thread-17|dumpPacket|    To: SERVER0 @ site 0
170210 174908.883|INFO|Thread-17|dumpPacket|   key: SITE_NUMBER is: java.lang.Integer 1
170210 174908.884|INFO|Thread-17|dumpPacket|   key: CLIENT_ID is: edu.csus.ecs.pc2.core.model.ClientId ADMINISTRATOR1 @ site 1
170210 174908.885|INFO|Thread-17|info|handlePacket start Packet[CLOCK_STOPPED] #943 SERVER0 @ site 1 -> SERVER0 @ site 0
170210 174908.885|INFO|Thread-17|dumpPacket|Packet CLOCK_STOPPED (Seq #943 ) handlePacket
170210 174908.886|INFO|Thread-17|dumpPacket|  From: SERVER0 @ site 1 (Mellen @ 192.168.1.145) (Contest Id: Default-3425878675268062453)
170210 174908.888|INFO|Thread-17|dumpPacket|    To: SERVER0 @ site 0
170210 174908.889|INFO|Thread-17|dumpPacket|   key: SITE_NUMBER is: java.lang.Integer 1
170210 174908.890|INFO|Thread-17|dumpPacket|   key: CLIENT_ID is: edu.csus.ecs.pc2.core.model.ClientId ADMINISTRATOR1 @ site 1
170210 174908.907|INFO|Thread-17|contestStopped|debug ContestTime site 1 STOPPED 2:47:42
170210 174908.917|INFO|Thread-17|info|Clock for site 1 stopped by ADMINISTRATOR1 @ site 1 elapsed 2:47:42
170210 174908.918|INFO|Thread-17|info| receiveObject(S) end   got Packet[CLOCK_STOPPED] #943 SERVER0 @ site 1 -> SERVER0 @ site 0
170210 174928.135|INFO|Thread-18|info| receiveObject(S) start got Packet[UPDATE_SETTING] #946 SERVER0 @ site 1 -> SERVER0 @ site 0
170210 174928.136|INFO|Thread-18|dumpPacket|Packet UPDATE_SETTING (Seq #946 ) recieveObject
170210 174928.137|INFO|Thread-18|dumpPacket|  From: SERVER0 @ site 1 (Mellen @ 192.168.1.145) (Contest Id: Default-3425878675268062453)
170210 174928.137|INFO|Thread-18|dumpPacket|    To: SERVER0 @ site 0
170210 174928.138|INFO|Thread-18|dumpPacket|   key: CONTEST_TIME is: edu.csus.ecs.pc2.core.model.ContestTime edu.csus.ecs.pc2.core.model.ContestTime@7a3372bd
170210 174928.139|INFO|Thread-18|info|handlePacket start Packet[UPDATE_SETTING] #946 SERVER0 @ site 1 -> SERVER0 @ site 0
170210 174928.139|INFO|Thread-18|dumpPacket|Packet UPDATE_SETTING (Seq #946 ) handlePacket
170210 174928.140|INFO|Thread-18|dumpPacket|  From: SERVER0 @ site 1 (Mellen @ 192.168.1.145) (Contest Id: Default-3425878675268062453)
170210 174928.140|INFO|Thread-18|dumpPacket|    To: SERVER0 @ site 0
170210 174928.143|INFO|Thread-18|dumpPacket|   key: CONTEST_TIME is: edu.csus.ecs.pc2.core.model.ContestTime edu.csus.ecs.pc2.core.model.ContestTime@7a3372bd
170210 174928.144|INFO|Thread-18|contestTimeChanged|debug ContestTime site 1 CHANGED 
170210 174928.147|INFO|Thread-18|info|handlePacket end Packet[UPDATE_SETTING] #946 SERVER0 @ site 1 -> SERVER0 @ site 0
170210 174928.148|INFO|Thread-18|info| receiveObject(S) end   got Packet[UPDATE_SETTING] #946 SERVER0 @ site 1 -> SERVER0 @ site 0
170210 175000.656|INFO|Thread-19|info| receiveObject(S) start got Packet[UPDATE_SETTING] #950 SERVER0 @ site 1 -> SERVER0 @ site 0
170210 175000.656|INFO|Thread-19|dumpPacket|Packet UPDATE_SETTING (Seq #950 ) recieveObject
170210 175000.657|INFO|Thread-19|dumpPacket|  From: SERVER0 @ site 1 (Mellen @ 192.168.1.145) (Contest Id: Default-3425878675268062453)
170210 175000.658|INFO|Thread-19|dumpPacket|    To: SERVER0 @ site 0
170210 175000.659|INFO|Thread-19|dumpPacket|   key: PROBLEM is: edu.csus.ecs.pc2.core.model.Problem DryRun
170210 175000.659|INFO|Thread-19|info|handlePacket start Packet[UPDATE_SETTING] #950 SERVER0 @ site 1 -> SERVER0 @ site 0
170210 175000.660|INFO|Thread-19|dumpPacket|Packet UPDATE_SETTING (Seq #950 ) handlePacket
170210 175000.662|INFO|Thread-19|dumpPacket|  From: SERVER0 @ site 1 (Mellen @ 192.168.1.145) (Contest Id: Default-3425878675268062453)
170210 175000.663|INFO|Thread-19|dumpPacket|    To: SERVER0 @ site 0
170210 175000.663|INFO|Thread-19|dumpPacket|   key: PROBLEM is: edu.csus.ecs.pc2.core.model.Problem DryRun
170210 175000.671|INFO|Thread-19|info|handlePacket end Packet[UPDATE_SETTING] #950 SERVER0 @ site 1 -> SERVER0 @ site 0
170210 175000.672|INFO|Thread-19|info| receiveObject(S) end   got Packet[UPDATE_SETTING] #950 SERVER0 @ site 1 -> SERVER0 @ site 0
170210 175050.950|INFO|Thread-20|info| receiveObject(S) start got Packet[CLOCK_STARTED] #951 SERVER0 @ site 1 -> SERVER0 @ site 0
170210 175050.951|INFO|Thread-20|dumpPacket|Packet CLOCK_STARTED (Seq #951 ) recieveObject
170210 175050.952|INFO|Thread-20|dumpPacket|  From: SERVER0 @ site 1 (Mellen @ 192.168.1.145) (Contest Id: Default-3425878675268062453)
170210 175050.952|INFO|Thread-20|dumpPacket|    To: SERVER0 @ site 0
170210 175050.953|INFO|Thread-20|dumpPacket|   key: CLIENT_ID is: edu.csus.ecs.pc2.core.model.ClientId ADMINISTRATOR1 @ site 1
170210 175050.953|INFO|Thread-20|dumpPacket|   key: SITE_NUMBER is: java.lang.Integer 1
170210 175050.954|INFO|Thread-20|dumpPacket|   key: SERVER_CLOCK_OFFSET is: java.util.GregorianCalendar java.util.GregorianCalendar[time=1486770641179,areFieldsSet=true,areAllFieldsSet=false,lenient=true,zone=sun.util.calendar.ZoneInfo[id="GMT",offset=0,dstSavings=0,useDaylight=false,transitions=0,lastRule=null],firstDayOfWeek=1,minimalDaysInFirstWeek=1,ERA=1,YEAR=2017,MONTH=1,WEEK_OF_YEAR=6,WEEK_OF_MONTH=2,DAY_OF_MONTH=10,DAY_OF_YEAR=41,DAY_OF_WEEK=6,DAY_OF_WEEK_IN_MONTH=2,AM_PM=1,HOUR=11,HOUR_OF_DAY=23,MINUTE=50,SECOND=41,MILLISECOND=179,ZONE_OFFSET=0,DST_OFFSET=0]
170210 175050.954|INFO|Thread-20|info|handlePacket start Packet[CLOCK_STARTED] #951 SERVER0 @ site 1 -> SERVER0 @ site 0
170210 175050.955|INFO|Thread-20|dumpPacket|Packet CLOCK_STARTED (Seq #951 ) handlePacket
170210 175050.955|INFO|Thread-20|dumpPacket|  From: SERVER0 @ site 1 (Mellen @ 192.168.1.145) (Contest Id: Default-3425878675268062453)
170210 175050.956|INFO|Thread-20|dumpPacket|    To: SERVER0 @ site 0
170210 175050.956|INFO|Thread-20|dumpPacket|   key: CLIENT_ID is: edu.csus.ecs.pc2.core.model.ClientId ADMINISTRATOR1 @ site 1
170210 175050.957|INFO|Thread-20|dumpPacket|   key: SITE_NUMBER is: java.lang.Integer 1
170210 175050.958|INFO|Thread-20|dumpPacket|   key: SERVER_CLOCK_OFFSET is: java.util.GregorianCalendar java.util.GregorianCalendar[time=1486770641179,areFieldsSet=true,areAllFieldsSet=false,lenient=true,zone=sun.util.calendar.ZoneInfo[id="GMT",offset=0,dstSavings=0,useDaylight=false,transitions=0,lastRule=null],firstDayOfWeek=1,minimalDaysInFirstWeek=1,ERA=1,YEAR=2017,MONTH=1,WEEK_OF_YEAR=6,WEEK_OF_MONTH=2,DAY_OF_MONTH=10,DAY_OF_YEAR=41,DAY_OF_WEEK=6,DAY_OF_WEEK_IN_MONTH=2,AM_PM=1,HOUR=11,HOUR_OF_DAY=23,MINUTE=50,SECOND=41,MILLISECOND=179,ZONE_OFFSET=0,DST_OFFSET=0]
170210 175050.961|INFO|Thread-20|contestStarted|debug ContestTime site 1 STARTED 0:00:00
170210 175050.962|INFO|Thread-20|info|Clock for site 1 started by ADMINISTRATOR1 @ site 1 elapsed 0:00:00
170210 175050.963|INFO|Thread-20|info| receiveObject(S) end   got Packet[CLOCK_STARTED] #951 SERVER0 @ site 1 -> SERVER0 @ site 0
170210 175258.449|INFO|Thread-21|testRun|test run for juan Java file: C:\Users\Duncan\Desktop\Magnolia Part 2\Magnolia\Juan.java
170210 175258.471|DEBUG|Thread-21|compileProgram|before substitution: javac {:mainfile}
170210 175258.474|DEBUG|Thread-21|compileProgram|after  substitution: javac Juan.java
170210 175258.491|CONFIG|Thread-21|runProgram|executing: 'javac Juan.java'
170210 175259.189|DEBUG|Thread-21|executeProgram|before substitution: java {:basename}
170210 175259.190|DEBUG|Thread-21|executeProgram|after  substitution: java Juan
170210 175259.191|CONFIG|Thread-21|runProgram|executing: 'java Juan'
170210 175308.642|INFO|AWT-EventQueue-0|testOrSubmitRun|submitRun for juan Java file: C:\Users\Duncan\Desktop\Magnolia Part 2\Magnolia\Juan.java
170210 175308.646|INFO|AWT-EventQueue-0|sendToLocalServer|Sending packet to server Packet[RUN_SUBMISSION] #3 TEAM24 @ site 1 -> SERVER0 @ site 1
170210 175308.647|INFO|AWT-EventQueue-0|sendToLocalServer|Sent    packet to server Packet[RUN_SUBMISSION] #3 TEAM24 @ site 1 -> SERVER0 @ site 1
170210 175309.519|INFO|Thread-29|info| receiveObject(S) start got Packet[RUN_SUBMISSION_CONFIRM] #964 SERVER0 @ site 1 -> TEAM24 @ site 1
170210 175309.520|INFO|Thread-29|dumpPacket|Packet RUN_SUBMISSION_CONFIRM (Seq #964 ) recieveObject
170210 175309.520|INFO|Thread-29|dumpPacket|  From: SERVER0 @ site 1 (Mellen @ 192.168.1.145) (Contest Id: Default-3425878675268062453)
170210 175309.521|INFO|Thread-29|dumpPacket|    To: TEAM24 @ site 1
170210 175309.521|INFO|Thread-29|dumpPacket|   key: RUN is: edu.csus.ecs.pc2.core.model.Run Run 82 NEW138126 ms from TEAM24 @ site 1 id Run--7418301178045646231
170210 175309.525|INFO|Thread-29|info|handlePacket start Packet[RUN_SUBMISSION_CONFIRM] #964 SERVER0 @ site 1 -> TEAM24 @ site 1
170210 175309.527|INFO|Thread-29|dumpPacket|Packet RUN_SUBMISSION_CONFIRM (Seq #964 ) handlePacket
170210 175309.529|INFO|Thread-29|dumpPacket|  From: SERVER0 @ site 1 (Mellen @ 192.168.1.145) (Contest Id: Default-3425878675268062453)
170210 175309.530|INFO|Thread-29|dumpPacket|    To: TEAM24 @ site 1
170210 175309.530|INFO|Thread-29|dumpPacket|   key: RUN is: edu.csus.ecs.pc2.core.model.Run Run 82 NEW138126 ms from TEAM24 @ site 1 id Run--7418301178045646231
170210 175312.213|INFO|Thread-29|info| receiveObject(S) end   got Packet[RUN_SUBMISSION_CONFIRM] #964 SERVER0 @ site 1 -> TEAM24 @ site 1
170210 175334.127|INFO|Thread-30|info| receiveObject(S) start got Packet[RUN_JUDGEMENT] #974 SERVER0 @ site 1 -> TEAM24 @ site 1
170210 175334.128|INFO|Thread-30|dumpPacket|Packet RUN_JUDGEMENT (Seq #974 ) recieveObject
170210 175334.128|INFO|Thread-30|dumpPacket|  From: SERVER0 @ site 1 (Mellen @ 192.168.1.145) (Contest Id: Default-3425878675268062453)
170210 175334.129|INFO|Thread-30|dumpPacket|    To: TEAM24 @ site 1
170210 175334.130|INFO|Thread-30|dumpPacket|   key: CLIENT_ID is: edu.csus.ecs.pc2.core.model.ClientId SERVER0 @ site 1
170210 175334.130|INFO|Thread-30|dumpPacket|   key: JUDGEMENT_RECORD is: edu.csus.ecs.pc2.core.model.JudgementRecord Yes by JUDGE3 @ site 1 judgement Yes-3241447729218406501 id JudgementRecord-7361472717275421677
170210 175334.131|INFO|Thread-30|dumpPacket|   key: RUN is: edu.csus.ecs.pc2.core.model.Run Run 82 JUDGED138126 ms from TEAM24 @ site 1 id Run--7418301178045646231
170210 175334.131|INFO|Thread-30|info|handlePacket start Packet[RUN_JUDGEMENT] #974 SERVER0 @ site 1 -> TEAM24 @ site 1
170210 175334.132|INFO|Thread-30|dumpPacket|Packet RUN_JUDGEMENT (Seq #974 ) handlePacket
170210 175334.132|INFO|Thread-30|dumpPacket|  From: SERVER0 @ site 1 (Mellen @ 192.168.1.145) (Contest Id: Default-3425878675268062453)
170210 175334.133|INFO|Thread-30|dumpPacket|    To: TEAM24 @ site 1
170210 175334.134|INFO|Thread-30|dumpPacket|   key: CLIENT_ID is: edu.csus.ecs.pc2.core.model.ClientId SERVER0 @ site 1
170210 175334.134|INFO|Thread-30|dumpPacket|   key: JUDGEMENT_RECORD is: edu.csus.ecs.pc2.core.model.JudgementRecord Yes by JUDGE3 @ site 1 judgement Yes-3241447729218406501 id JudgementRecord-7361472717275421677
170210 175334.135|INFO|Thread-30|dumpPacket|   key: RUN is: edu.csus.ecs.pc2.core.model.Run Run 82 JUDGED138126 ms from TEAM24 @ site 1 id Run--7418301178045646231
170210 175426.151|INFO|Thread-30|info| receiveObject(S) end   got Packet[RUN_JUDGEMENT] #974 SERVER0 @ site 1 -> TEAM24 @ site 1
170210 180747.601|INFO|Thread-31|testRun|test run for olga Java file: C:\Users\Duncan\Desktop\Magnolia Part 2\Magnolia\Olga.java
170210 180747.620|DEBUG|Thread-31|compileProgram|before substitution: javac {:mainfile}
170210 180747.622|DEBUG|Thread-31|compileProgram|after  substitution: javac Olga.java
170210 180747.659|CONFIG|Thread-31|runProgram|executing: 'javac Olga.java'
170210 180748.442|DEBUG|Thread-31|executeProgram|before substitution: java {:basename}
170210 180748.443|DEBUG|Thread-31|executeProgram|after  substitution: java Olga
170210 180748.443|CONFIG|Thread-31|runProgram|executing: 'java Olga'
170210 180758.311|INFO|Thread-38|testRun|test run for olga Java file: C:\Users\Duncan\Desktop\Magnolia Part 2\Magnolia\Olga.java
170210 180758.334|DEBUG|Thread-38|compileProgram|before substitution: javac {:mainfile}
170210 180758.335|DEBUG|Thread-38|compileProgram|after  substitution: javac Olga.java
170210 180758.358|CONFIG|Thread-38|runProgram|executing: 'javac Olga.java'
170210 180759.277|DEBUG|Thread-38|executeProgram|before substitution: java {:basename}
170210 180759.277|DEBUG|Thread-38|executeProgram|after  substitution: java Olga
170210 180759.278|CONFIG|Thread-38|runProgram|executing: 'java Olga'
170210 180804.627|INFO|AWT-EventQueue-0|testOrSubmitRun|submitRun for olga Java file: C:\Users\Duncan\Desktop\Magnolia Part 2\Magnolia\Olga.java
170210 180804.633|INFO|AWT-EventQueue-0|sendToLocalServer|Sending packet to server Packet[RUN_SUBMISSION] #4 TEAM24 @ site 1 -> SERVER0 @ site 1
170210 180804.634|INFO|AWT-EventQueue-0|sendToLocalServer|Sent    packet to server Packet[RUN_SUBMISSION] #4 TEAM24 @ site 1 -> SERVER0 @ site 1
170210 180805.044|INFO|Thread-46|info| receiveObject(S) start got Packet[RUN_SUBMISSION_CONFIRM] #1320 SERVER0 @ site 1 -> TEAM24 @ site 1
170210 180805.045|INFO|Thread-46|dumpPacket|Packet RUN_SUBMISSION_CONFIRM (Seq #1320 ) recieveObject
170210 180805.046|INFO|Thread-46|dumpPacket|  From: SERVER0 @ site 1 (Mellen @ 192.168.1.145) (Contest Id: Default-3425878675268062453)
170210 180805.047|INFO|Thread-46|dumpPacket|    To: TEAM24 @ site 1
170210 180805.047|INFO|Thread-46|dumpPacket|   key: RUN is: edu.csus.ecs.pc2.core.model.Run Run 125 NEW1034149 ms from TEAM24 @ site 1 id Run--4227504183982125144
170210 180805.048|INFO|Thread-46|info|handlePacket start Packet[RUN_SUBMISSION_CONFIRM] #1320 SERVER0 @ site 1 -> TEAM24 @ site 1
170210 180805.048|INFO|Thread-46|dumpPacket|Packet RUN_SUBMISSION_CONFIRM (Seq #1320 ) handlePacket
170210 180805.049|INFO|Thread-46|dumpPacket|  From: SERVER0 @ site 1 (Mellen @ 192.168.1.145) (Contest Id: Default-3425878675268062453)
170210 180805.049|INFO|Thread-46|dumpPacket|    To: TEAM24 @ site 1
170210 180805.049|INFO|Thread-46|dumpPacket|   key: RUN is: edu.csus.ecs.pc2.core.model.Run Run 125 NEW1034149 ms from TEAM24 @ site 1 id Run--4227504183982125144
170210 180811.832|INFO|Thread-46|info| receiveObject(S) end   got Packet[RUN_SUBMISSION_CONFIRM] #1320 SERVER0 @ site 1 -> TEAM24 @ site 1
170210 180817.136|INFO|Thread-47|info| receiveObject(S) start got Packet[RUN_JUDGEMENT] #1324 SERVER0 @ site 1 -> TEAM24 @ site 1
170210 180817.137|INFO|Thread-47|dumpPacket|Packet RUN_JUDGEMENT (Seq #1324 ) recieveObject
170210 180817.137|INFO|Thread-47|dumpPacket|  From: SERVER0 @ site 1 (Mellen @ 192.168.1.145) (Contest Id: Default-3425878675268062453)
170210 180817.138|INFO|Thread-47|dumpPacket|    To: TEAM24 @ site 1
170210 180817.138|INFO|Thread-47|dumpPacket|   key: CLIENT_ID is: edu.csus.ecs.pc2.core.model.ClientId SERVER0 @ site 1
170210 180817.139|INFO|Thread-47|dumpPacket|   key: JUDGEMENT_RECORD is: edu.csus.ecs.pc2.core.model.JudgementRecord Yes by JUDGE3 @ site 1 judgement Yes-3241447729218406501 id JudgementRecord--4039620124400415870
170210 180817.139|INFO|Thread-47|dumpPacket|   key: RUN is: edu.csus.ecs.pc2.core.model.Run Run 125 JUDGED1034149 ms from TEAM24 @ site 1 id Run--4227504183982125144
170210 180817.139|INFO|Thread-47|info|handlePacket start Packet[RUN_JUDGEMENT] #1324 SERVER0 @ site 1 -> TEAM24 @ site 1
170210 180817.140|INFO|Thread-47|dumpPacket|Packet RUN_JUDGEMENT (Seq #1324 ) handlePacket
170210 180817.140|INFO|Thread-47|dumpPacket|  From: SERVER0 @ site 1 (Mellen @ 192.168.1.145) (Contest Id: Default-3425878675268062453)
170210 180817.141|INFO|Thread-47|dumpPacket|    To: TEAM24 @ site 1
170210 180817.142|INFO|Thread-47|dumpPacket|   key: CLIENT_ID is: edu.csus.ecs.pc2.core.model.ClientId SERVER0 @ site 1
170210 180817.143|INFO|Thread-47|dumpPacket|   key: JUDGEMENT_RECORD is: edu.csus.ecs.pc2.core.model.JudgementRecord Yes by JUDGE3 @ site 1 judgement Yes-3241447729218406501 id JudgementRecord--4039620124400415870
170210 180817.144|INFO|Thread-47|dumpPacket|   key: RUN is: edu.csus.ecs.pc2.core.model.Run Run 125 JUDGED1034149 ms from TEAM24 @ site 1 id Run--4227504183982125144
170210 180823.080|INFO|Thread-47|info| receiveObject(S) end   got Packet[RUN_JUDGEMENT] #1324 SERVER0 @ site 1 -> TEAM24 @ site 1
170210 181313.226|INFO|Thread-48|testRun|test run for fengge Java file: C:\Users\Duncan\Desktop\Magnolia Part 2\Magnolia\Fengge.java
170210 181313.259|DEBUG|Thread-48|compileProgram|before substitution: javac {:mainfile}
170210 181313.262|DEBUG|Thread-48|compileProgram|after  substitution: javac Fengge.java
170210 181313.281|CONFIG|Thread-48|runProgram|executing: 'javac Fengge.java'
170210 181314.105|DEBUG|Thread-48|executeProgram|before substitution: java {:basename}
170210 181314.106|DEBUG|Thread-48|executeProgram|after  substitution: java Fengge
170210 181314.106|CONFIG|Thread-48|runProgram|executing: 'java Fengge'
170210 181333.014|INFO|AWT-EventQueue-0|testOrSubmitRun|submitRun for fengge Java file: C:\Users\Duncan\Desktop\Magnolia Part 2\Magnolia\Fengge.java
170210 181333.018|INFO|AWT-EventQueue-0|sendToLocalServer|Sending packet to server Packet[RUN_SUBMISSION] #5 TEAM24 @ site 1 -> SERVER0 @ site 1
170210 181333.019|INFO|AWT-EventQueue-0|sendToLocalServer|Sent    packet to server Packet[RUN_SUBMISSION] #5 TEAM24 @ site 1 -> SERVER0 @ site 1
170210 181333.587|INFO|Thread-56|info| receiveObject(S) start got Packet[RUN_SUBMISSION_CONFIRM] #1406 SERVER0 @ site 1 -> TEAM24 @ site 1
170210 181333.588|INFO|Thread-56|dumpPacket|Packet RUN_SUBMISSION_CONFIRM (Seq #1406 ) recieveObject
170210 181333.588|INFO|Thread-56|dumpPacket|  From: SERVER0 @ site 1 (Mellen @ 192.168.1.145) (Contest Id: Default-3425878675268062453)
170210 181333.589|INFO|Thread-56|dumpPacket|    To: TEAM24 @ site 1
170210 181333.589|INFO|Thread-56|dumpPacket|   key: RUN is: edu.csus.ecs.pc2.core.model.Run Run 136 NEW1362553 ms from TEAM24 @ site 1 id Run--4522737812623066451
170210 181333.589|INFO|Thread-56|info|handlePacket start Packet[RUN_SUBMISSION_CONFIRM] #1406 SERVER0 @ site 1 -> TEAM24 @ site 1
170210 181333.590|INFO|Thread-56|dumpPacket|Packet RUN_SUBMISSION_CONFIRM (Seq #1406 ) handlePacket
170210 181333.590|INFO|Thread-56|dumpPacket|  From: SERVER0 @ site 1 (Mellen @ 192.168.1.145) (Contest Id: Default-3425878675268062453)
170210 181333.590|INFO|Thread-56|dumpPacket|    To: TEAM24 @ site 1
170210 181333.591|INFO|Thread-56|dumpPacket|   key: RUN is: edu.csus.ecs.pc2.core.model.Run Run 136 NEW1362553 ms from TEAM24 @ site 1 id Run--4522737812623066451
170210 181336.500|INFO|Thread-56|info| receiveObject(S) end   got Packet[RUN_SUBMISSION_CONFIRM] #1406 SERVER0 @ site 1 -> TEAM24 @ site 1
170210 181410.629|INFO|Thread-57|info| receiveObject(S) start got Packet[RUN_JUDGEMENT] #1417 SERVER0 @ site 1 -> TEAM24 @ site 1
170210 181410.629|INFO|Thread-57|dumpPacket|Packet RUN_JUDGEMENT (Seq #1417 ) recieveObject
170210 181410.629|INFO|Thread-57|dumpPacket|  From: SERVER0 @ site 1 (Mellen @ 192.168.1.145) (Contest Id: Default-3425878675268062453)
170210 181410.630|INFO|Thread-57|dumpPacket|    To: TEAM24 @ site 1
170210 181410.630|INFO|Thread-57|dumpPacket|   key: CLIENT_ID is: edu.csus.ecs.pc2.core.model.ClientId SERVER0 @ site 1
170210 181410.630|INFO|Thread-57|dumpPacket|   key: JUDGEMENT_RECORD is: edu.csus.ecs.pc2.core.model.JudgementRecord Yes by JUDGE3 @ site 1 judgement Yes-3241447729218406501 id JudgementRecord-447486179995426187
170210 181410.630|INFO|Thread-57|dumpPacket|   key: RUN is: edu.csus.ecs.pc2.core.model.Run Run 136 JUDGED1362553 ms from TEAM24 @ site 1 id Run--4522737812623066451
170210 181410.631|INFO|Thread-57|info|handlePacket start Packet[RUN_JUDGEMENT] #1417 SERVER0 @ site 1 -> TEAM24 @ site 1
170210 181410.631|INFO|Thread-57|dumpPacket|Packet RUN_JUDGEMENT (Seq #1417 ) handlePacket
170210 181410.631|INFO|Thread-57|dumpPacket|  From: SERVER0 @ site 1 (Mellen @ 192.168.1.145) (Contest Id: Default-3425878675268062453)
170210 181410.632|INFO|Thread-57|dumpPacket|    To: TEAM24 @ site 1
170210 181410.632|INFO|Thread-57|dumpPacket|   key: CLIENT_ID is: edu.csus.ecs.pc2.core.model.ClientId SERVER0 @ site 1
170210 181410.632|INFO|Thread-57|dumpPacket|   key: JUDGEMENT_RECORD is: edu.csus.ecs.pc2.core.model.JudgementRecord Yes by JUDGE3 @ site 1 judgement Yes-3241447729218406501 id JudgementRecord-447486179995426187
170210 181410.633|INFO|Thread-57|dumpPacket|   key: RUN is: edu.csus.ecs.pc2.core.model.Run Run 136 JUDGED1362553 ms from TEAM24 @ site 1 id Run--4522737812623066451
170210 181412.718|INFO|Thread-57|info| receiveObject(S) end   got Packet[RUN_JUDGEMENT] #1417 SERVER0 @ site 1 -> TEAM24 @ site 1
170210 183011.015|INFO|Thread-58|testRun|test run for danna Java file: C:\Users\Duncan\Desktop\Magnolia Part 2\Magnolia\Danna.java
170210 183011.043|DEBUG|Thread-58|compileProgram|before substitution: javac {:mainfile}
170210 183011.045|DEBUG|Thread-58|compileProgram|after  substitution: javac Danna.java
170210 183011.064|CONFIG|Thread-58|runProgram|executing: 'javac Danna.java'
170210 183012.040|DEBUG|Thread-58|executeProgram|before substitution: java {:basename}
170210 183012.041|DEBUG|Thread-58|executeProgram|after  substitution: java Danna
170210 183012.042|CONFIG|Thread-58|runProgram|executing: 'java Danna'
170210 183030.504|INFO|AWT-EventQueue-0|testOrSubmitRun|submitRun for danna Java file: C:\Users\Duncan\Desktop\Magnolia Part 2\Magnolia\Danna.java
170210 183030.508|INFO|AWT-EventQueue-0|sendToLocalServer|Sending packet to server Packet[RUN_SUBMISSION] #6 TEAM24 @ site 1 -> SERVER0 @ site 1
170210 183030.508|INFO|AWT-EventQueue-0|sendToLocalServer|Sent    packet to server Packet[RUN_SUBMISSION] #6 TEAM24 @ site 1 -> SERVER0 @ site 1
170210 183031.104|INFO|Thread-66|info| receiveObject(S) start got Packet[RUN_SUBMISSION_CONFIRM] #1711 SERVER0 @ site 1 -> TEAM24 @ site 1
170210 183031.105|INFO|Thread-66|dumpPacket|Packet RUN_SUBMISSION_CONFIRM (Seq #1711 ) recieveObject
170210 183031.105|INFO|Thread-66|dumpPacket|  From: SERVER0 @ site 1 (Mellen @ 192.168.1.145) (Contest Id: Default-3425878675268062453)
170210 183031.105|INFO|Thread-66|dumpPacket|    To: TEAM24 @ site 1
170210 183031.106|INFO|Thread-66|dumpPacket|   key: RUN is: edu.csus.ecs.pc2.core.model.Run Run 182 NEW2380189 ms from TEAM24 @ site 1 id Run-7841003687436023076
170210 183031.106|INFO|Thread-66|info|handlePacket start Packet[RUN_SUBMISSION_CONFIRM] #1711 SERVER0 @ site 1 -> TEAM24 @ site 1
170210 183031.107|INFO|Thread-66|dumpPacket|Packet RUN_SUBMISSION_CONFIRM (Seq #1711 ) handlePacket
170210 183031.107|INFO|Thread-66|dumpPacket|  From: SERVER0 @ site 1 (Mellen @ 192.168.1.145) (Contest Id: Default-3425878675268062453)
170210 183031.110|INFO|Thread-66|dumpPacket|    To: TEAM24 @ site 1
170210 183031.115|INFO|Thread-66|dumpPacket|   key: RUN is: edu.csus.ecs.pc2.core.model.Run Run 182 NEW2380189 ms from TEAM24 @ site 1 id Run-7841003687436023076
170210 183032.551|INFO|Thread-66|info| receiveObject(S) end   got Packet[RUN_SUBMISSION_CONFIRM] #1711 SERVER0 @ site 1 -> TEAM24 @ site 1
170210 183045.834|INFO|Thread-67|info| receiveObject(S) start got Packet[RUN_JUDGEMENT] #1718 SERVER0 @ site 1 -> TEAM24 @ site 1
170210 183045.835|INFO|Thread-67|dumpPacket|Packet RUN_JUDGEMENT (Seq #1718 ) recieveObject
170210 183045.835|INFO|Thread-67|dumpPacket|  From: SERVER0 @ site 1 (Mellen @ 192.168.1.145) (Contest Id: Default-3425878675268062453)
170210 183045.836|INFO|Thread-67|dumpPacket|    To: TEAM24 @ site 1
170210 183045.836|INFO|Thread-67|dumpPacket|   key: CLIENT_ID is: edu.csus.ecs.pc2.core.model.ClientId SERVER0 @ site 1
170210 183045.836|INFO|Thread-67|dumpPacket|   key: JUDGEMENT_RECORD is: edu.csus.ecs.pc2.core.model.JudgementRecord Yes by JUDGE3 @ site 1 judgement Yes-3241447729218406501 id JudgementRecord-2599349648610982718
170210 183045.837|INFO|Thread-67|dumpPacket|   key: RUN is: edu.csus.ecs.pc2.core.model.Run Run 182 JUDGED2380189 ms from TEAM24 @ site 1 id Run-7841003687436023076
170210 183045.837|INFO|Thread-67|info|handlePacket start Packet[RUN_JUDGEMENT] #1718 SERVER0 @ site 1 -> TEAM24 @ site 1
170210 183045.839|INFO|Thread-67|dumpPacket|Packet RUN_JUDGEMENT (Seq #1718 ) handlePacket
170210 183045.839|INFO|Thread-67|dumpPacket|  From: SERVER0 @ site 1 (Mellen @ 192.168.1.145) (Contest Id: Default-3425878675268062453)
170210 183045.843|INFO|Thread-67|dumpPacket|    To: TEAM24 @ site 1
170210 183045.844|INFO|Thread-67|dumpPacket|   key: CLIENT_ID is: edu.csus.ecs.pc2.core.model.ClientId SERVER0 @ site 1
170210 183045.844|INFO|Thread-67|dumpPacket|   key: JUDGEMENT_RECORD is: edu.csus.ecs.pc2.core.model.JudgementRecord Yes by JUDGE3 @ site 1 judgement Yes-3241447729218406501 id JudgementRecord-2599349648610982718
170210 183045.844|INFO|Thread-67|dumpPacket|   key: RUN is: edu.csus.ecs.pc2.core.model.Run Run 182 JUDGED2380189 ms from TEAM24 @ site 1 id Run-7841003687436023076
170210 183103.124|INFO|Thread-67|info| receiveObject(S) end   got Packet[RUN_JUDGEMENT] #1718 SERVER0 @ site 1 -> TEAM24 @ site 1
170210 185557.073|INFO|Thread-68|info| receiveObject(S) start got Packet[CLARIFICATION_ANSWER_UPDATE] #2121 SERVER0 @ site 1 -> SERVER0 @ site 0
170210 185557.074|INFO|Thread-68|dumpPacket|Packet CLARIFICATION_ANSWER_UPDATE (Seq #2121 ) recieveObject
170210 185557.074|INFO|Thread-68|dumpPacket|  From: SERVER0 @ site 1 (Mellen @ 192.168.1.145) (Contest Id: Default-3425878675268062453)
170210 185557.074|INFO|Thread-68|dumpPacket|    To: SERVER0 @ site 0
170210 185557.075|INFO|Thread-68|dumpPacket|   key: CLARIFICATION is: edu.csus.ecs.pc2.core.model.Clarification Clarification 14 ANSWERED from TEAM18 @ site 1 at 56 id=Clarification-7832951389049503447
170210 185557.075|INFO|Thread-68|dumpPacket|   key: CLIENT_ID is: edu.csus.ecs.pc2.core.model.ClientId JUDGE1 @ site 1
170210 185557.075|INFO|Thread-68|dumpPacket|   key: CLARIFICATION_ANSWER is: java.lang.String SAMPLE is wrong here is correct.

IIR  LII
II RL II
II LR II
IIL  RII
II    II
170210 185557.075|INFO|Thread-68|info|handlePacket start Packet[CLARIFICATION_ANSWER_UPDATE] #2121 SERVER0 @ site 1 -> SERVER0 @ site 0
170210 185557.075|INFO|Thread-68|dumpPacket|Packet CLARIFICATION_ANSWER_UPDATE (Seq #2121 ) handlePacket
170210 185557.076|INFO|Thread-68|dumpPacket|  From: SERVER0 @ site 1 (Mellen @ 192.168.1.145) (Contest Id: Default-3425878675268062453)
170210 185557.076|INFO|Thread-68|dumpPacket|    To: SERVER0 @ site 0
170210 185557.076|INFO|Thread-68|dumpPacket|   key: CLARIFICATION is: edu.csus.ecs.pc2.core.model.Clarification Clarification 14 ANSWERED from TEAM18 @ site 1 at 56 id=Clarification-7832951389049503447
170210 185557.076|INFO|Thread-68|dumpPacket|   key: CLIENT_ID is: edu.csus.ecs.pc2.core.model.ClientId JUDGE1 @ site 1
170210 185557.076|INFO|Thread-68|dumpPacket|   key: CLARIFICATION_ANSWER is: java.lang.String SAMPLE is wrong here is correct.

IIR  LII
II RL II
II LR II
IIL  RII
II    II
170210 185614.987|INFO|Thread-68|info| receiveObject(S) end   got Packet[CLARIFICATION_ANSWER_UPDATE] #2121 SERVER0 @ site 1 -> SERVER0 @ site 0
170210 190157.386|INFO|Thread-69|info| receiveObject(S) start got Packet[CLARIFICATION_ANSWER_UPDATE] #2237 SERVER0 @ site 1 -> SERVER0 @ site 0
170210 190157.387|INFO|Thread-69|dumpPacket|Packet CLARIFICATION_ANSWER_UPDATE (Seq #2237 ) recieveObject
170210 190157.388|INFO|Thread-69|dumpPacket|  From: SERVER0 @ site 1 (Mellen @ 192.168.1.145) (Contest Id: Default-3425878675268062453)
170210 190157.388|INFO|Thread-69|dumpPacket|    To: SERVER0 @ site 0
170210 190157.388|INFO|Thread-69|dumpPacket|   key: CLARIFICATION is: edu.csus.ecs.pc2.core.model.Clarification Clarification 19 ANSWERED from TEAM47 @ site 1 at 68 id=Clarification-6298631688459353689
170210 190157.389|INFO|Thread-69|dumpPacket|   key: CLIENT_ID is: edu.csus.ecs.pc2.core.model.ClientId JUDGE1 @ site 1
170210 190157.389|INFO|Thread-69|dumpPacket|   key: CLARIFICATION_ANSWER is: java.lang.String The sample is correct.
170210 190157.389|INFO|Thread-69|info|handlePacket start Packet[CLARIFICATION_ANSWER_UPDATE] #2237 SERVER0 @ site 1 -> SERVER0 @ site 0
170210 190157.390|INFO|Thread-69|dumpPacket|Packet CLARIFICATION_ANSWER_UPDATE (Seq #2237 ) handlePacket
170210 190157.407|INFO|Thread-69|dumpPacket|  From: SERVER0 @ site 1 (Mellen @ 192.168.1.145) (Contest Id: Default-3425878675268062453)
170210 190157.408|INFO|Thread-69|dumpPacket|    To: SERVER0 @ site 0
170210 190157.408|INFO|Thread-69|dumpPacket|   key: CLARIFICATION is: edu.csus.ecs.pc2.core.model.Clarification Clarification 19 ANSWERED from TEAM47 @ site 1 at 68 id=Clarification-6298631688459353689
170210 190157.408|INFO|Thread-69|dumpPacket|   key: CLIENT_ID is: edu.csus.ecs.pc2.core.model.ClientId JUDGE1 @ site 1
170210 190157.409|INFO|Thread-69|dumpPacket|   key: CLARIFICATION_ANSWER is: java.lang.String The sample is correct.
170210 190315.267|INFO|Thread-69|info| receiveObject(S) end   got Packet[CLARIFICATION_ANSWER_UPDATE] #2237 SERVER0 @ site 1 -> SERVER0 @ site 0
170210 190708.797|INFO|Thread-70|info| receiveObject(S) start got Packet[CLARIFICATION_ANSWER_UPDATE] #2320 SERVER0 @ site 1 -> SERVER0 @ site 0
170210 190708.797|INFO|Thread-70|dumpPacket|Packet CLARIFICATION_ANSWER_UPDATE (Seq #2320 ) recieveObject
170210 190708.798|INFO|Thread-70|dumpPacket|  From: SERVER0 @ site 1 (Mellen @ 192.168.1.145) (Contest Id: Default-3425878675268062453)
170210 190708.798|INFO|Thread-70|dumpPacket|    To: SERVER0 @ site 0
170210 190708.798|INFO|Thread-70|dumpPacket|   key: CLARIFICATION is: edu.csus.ecs.pc2.core.model.Clarification Clarification 20 ANSWERED from TEAM12 @ site 1 at 73 id=Clarification--321515483026793677
170210 190708.798|INFO|Thread-70|dumpPacket|   key: CLIENT_ID is: edu.csus.ecs.pc2.core.model.ClientId JUDGE1 @ site 1
170210 190708.798|INFO|Thread-70|dumpPacket|   key: CLARIFICATION_ANSWER is: java.lang.String It is also a |
170210 190708.799|INFO|Thread-70|info|handlePacket start Packet[CLARIFICATION_ANSWER_UPDATE] #2320 SERVER0 @ site 1 -> SERVER0 @ site 0
170210 190708.799|INFO|Thread-70|dumpPacket|Packet CLARIFICATION_ANSWER_UPDATE (Seq #2320 ) handlePacket
170210 190708.799|INFO|Thread-70|dumpPacket|  From: SERVER0 @ site 1 (Mellen @ 192.168.1.145) (Contest Id: Default-3425878675268062453)
170210 190708.799|INFO|Thread-70|dumpPacket|    To: SERVER0 @ site 0
170210 190708.800|INFO|Thread-70|dumpPacket|   key: CLARIFICATION is: edu.csus.ecs.pc2.core.model.Clarification Clarification 20 ANSWERED from TEAM12 @ site 1 at 73 id=Clarification--321515483026793677
170210 190708.800|INFO|Thread-70|dumpPacket|   key: CLIENT_ID is: edu.csus.ecs.pc2.core.model.ClientId JUDGE1 @ site 1
170210 190708.800|INFO|Thread-70|dumpPacket|   key: CLARIFICATION_ANSWER is: java.lang.String It is also a |
170210 190738.463|INFO|Thread-70|info| receiveObject(S) end   got Packet[CLARIFICATION_ANSWER_UPDATE] #2320 SERVER0 @ site 1 -> SERVER0 @ site 0
170210 191201.367|INFO|Thread-71|info| receiveObject(S) start got Packet[UPDATE_SETTING] #2386 SERVER0 @ site 1 -> TEAM24 @ site 1
170210 191201.368|INFO|Thread-71|dumpPacket|Packet UPDATE_SETTING (Seq #2386 ) recieveObject
170210 191201.368|INFO|Thread-71|dumpPacket|  From: SERVER0 @ site 1 (Mellen @ 192.168.1.145) (Contest Id: Default-3425878675268062453)
170210 191201.368|INFO|Thread-71|dumpPacket|    To: TEAM24 @ site 1
170210 191201.369|INFO|Thread-71|dumpPacket|   key: ACCOUNT is: edu.csus.ecs.pc2.core.model.Account The Village-24
170210 191201.369|INFO|Thread-71|info|handlePacket start Packet[UPDATE_SETTING] #2386 SERVER0 @ site 1 -> TEAM24 @ site 1
170210 191201.369|INFO|Thread-71|dumpPacket|Packet UPDATE_SETTING (Seq #2386 ) handlePacket
170210 191201.370|INFO|Thread-71|dumpPacket|  From: SERVER0 @ site 1 (Mellen @ 192.168.1.145) (Contest Id: Default-3425878675268062453)
170210 191201.370|INFO|Thread-71|dumpPacket|    To: TEAM24 @ site 1
170210 191201.370|INFO|Thread-71|dumpPacket|   key: ACCOUNT is: edu.csus.ecs.pc2.core.model.Account The Village-24
170210 191201.378|INFO|Thread-71|info|handlePacket end Packet[UPDATE_SETTING] #2386 SERVER0 @ site 1 -> TEAM24 @ site 1
170210 191201.378|INFO|Thread-71|info| receiveObject(S) end   got Packet[UPDATE_SETTING] #2386 SERVER0 @ site 1 -> TEAM24 @ site 1
170210 191820.235|INFO|Thread-72|info| receiveObject(S) start got Packet[CLARIFICATION_ANSWER_UPDATE] #2516 SERVER0 @ site 1 -> SERVER0 @ site 0
170210 191820.236|INFO|Thread-72|dumpPacket|Packet CLARIFICATION_ANSWER_UPDATE (Seq #2516 ) recieveObject
170210 191820.236|INFO|Thread-72|dumpPacket|  From: SERVER0 @ site 1 (Mellen @ 192.168.1.145) (Contest Id: Default-3425878675268062453)
170210 191820.236|INFO|Thread-72|dumpPacket|    To: SERVER0 @ site 0
170210 191820.236|INFO|Thread-72|dumpPacket|   key: CLARIFICATION is: edu.csus.ecs.pc2.core.model.Clarification Clarification 22 ANSWERED from TEAM21 @ site 1 at 79 id=Clarification--652019818584317284
170210 191820.237|INFO|Thread-72|dumpPacket|   key: CLIENT_ID is: edu.csus.ecs.pc2.core.model.ClientId JUDGE1 @ site 1
170210 191820.237|INFO|Thread-72|dumpPacket|   key: CLARIFICATION_ANSWER is: java.lang.String SORRY I looked at data solution, |= is correct
170210 191820.237|INFO|Thread-72|info|handlePacket start Packet[CLARIFICATION_ANSWER_UPDATE] #2516 SERVER0 @ site 1 -> SERVER0 @ site 0
170210 191820.237|INFO|Thread-72|dumpPacket|Packet CLARIFICATION_ANSWER_UPDATE (Seq #2516 ) handlePacket
170210 191820.237|INFO|Thread-72|dumpPacket|  From: SERVER0 @ site 1 (Mellen @ 192.168.1.145) (Contest Id: Default-3425878675268062453)
170210 191820.238|INFO|Thread-72|dumpPacket|    To: SERVER0 @ site 0
170210 191820.238|INFO|Thread-72|dumpPacket|   key: CLARIFICATION is: edu.csus.ecs.pc2.core.model.Clarification Clarification 22 ANSWERED from TEAM21 @ site 1 at 79 id=Clarification--652019818584317284
170210 191820.238|INFO|Thread-72|dumpPacket|   key: CLIENT_ID is: edu.csus.ecs.pc2.core.model.ClientId JUDGE1 @ site 1
170210 191820.238|INFO|Thread-72|dumpPacket|   key: CLARIFICATION_ANSWER is: java.lang.String SORRY I looked at data solution, |= is correct
170210 191831.974|INFO|Thread-72|info| receiveObject(S) end   got Packet[CLARIFICATION_ANSWER_UPDATE] #2516 SERVER0 @ site 1 -> SERVER0 @ site 0
170210 191848.569|INFO|Thread-73|testRun|test run for isidora Java file: C:\Users\Duncan\Desktop\Magnolia Part 2\Magnolia\Isidora.java
170210 191848.596|DEBUG|Thread-73|compileProgram|before substitution: javac {:mainfile}
170210 191848.598|DEBUG|Thread-73|compileProgram|after  substitution: javac Isidora.java
170210 191848.619|CONFIG|Thread-73|runProgram|executing: 'javac Isidora.java'
170210 191849.739|DEBUG|Thread-73|executeProgram|before substitution: java {:basename}
170210 191849.740|DEBUG|Thread-73|executeProgram|after  substitution: java Isidora
170210 191849.740|CONFIG|Thread-73|runProgram|executing: 'java Isidora'
170210 191855.763|INFO|AWT-EventQueue-0|testOrSubmitRun|submitRun for isidora Java file: C:\Users\Duncan\Desktop\Magnolia Part 2\Magnolia\Isidora.java
170210 191855.766|INFO|AWT-EventQueue-0|sendToLocalServer|Sending packet to server Packet[RUN_SUBMISSION] #7 TEAM24 @ site 1 -> SERVER0 @ site 1
170210 191855.766|INFO|AWT-EventQueue-0|sendToLocalServer|Sent    packet to server Packet[RUN_SUBMISSION] #7 TEAM24 @ site 1 -> SERVER0 @ site 1
170210 191856.549|INFO|Thread-81|info| receiveObject(S) start got Packet[RUN_SUBMISSION_CONFIRM] #2529 SERVER0 @ site 1 -> TEAM24 @ site 1
170210 191856.550|INFO|Thread-81|dumpPacket|Packet RUN_SUBMISSION_CONFIRM (Seq #2529 ) recieveObject
170210 191856.550|INFO|Thread-81|dumpPacket|  From: SERVER0 @ site 1 (Mellen @ 192.168.1.145) (Contest Id: Default-3425878675268062453)
170210 191856.553|INFO|Thread-81|dumpPacket|    To: TEAM24 @ site 1
170210 191856.553|INFO|Thread-81|dumpPacket|   key: RUN is: edu.csus.ecs.pc2.core.model.Run Run 305 NEW5285264 ms from TEAM24 @ site 1 id Run--2568068421552693944
170210 191856.553|INFO|Thread-81|info|handlePacket start Packet[RUN_SUBMISSION_CONFIRM] #2529 SERVER0 @ site 1 -> TEAM24 @ site 1
170210 191856.554|INFO|Thread-81|dumpPacket|Packet RUN_SUBMISSION_CONFIRM (Seq #2529 ) handlePacket
170210 191856.554|INFO|Thread-81|dumpPacket|  From: SERVER0 @ site 1 (Mellen @ 192.168.1.145) (Contest Id: Default-3425878675268062453)
170210 191856.554|INFO|Thread-81|dumpPacket|    To: TEAM24 @ site 1
170210 191856.555|INFO|Thread-81|dumpPacket|   key: RUN is: edu.csus.ecs.pc2.core.model.Run Run 305 NEW5285264 ms from TEAM24 @ site 1 id Run--2568068421552693944
170210 191857.526|INFO|Thread-81|info| receiveObject(S) end   got Packet[RUN_SUBMISSION_CONFIRM] #2529 SERVER0 @ site 1 -> TEAM24 @ site 1
170210 191913.158|INFO|Thread-82|info| receiveObject(S) start got Packet[RUN_JUDGEMENT] #2543 SERVER0 @ site 1 -> TEAM24 @ site 1
170210 191913.158|INFO|Thread-82|dumpPacket|Packet RUN_JUDGEMENT (Seq #2543 ) recieveObject
170210 191913.158|INFO|Thread-82|dumpPacket|  From: SERVER0 @ site 1 (Mellen @ 192.168.1.145) (Contest Id: Default-3425878675268062453)
170210 191913.158|INFO|Thread-82|dumpPacket|    To: TEAM24 @ site 1
170210 191913.159|INFO|Thread-82|dumpPacket|   key: CLIENT_ID is: edu.csus.ecs.pc2.core.model.ClientId SERVER0 @ site 1
170210 191913.159|INFO|Thread-82|dumpPacket|   key: JUDGEMENT_RECORD is: edu.csus.ecs.pc2.core.model.JudgementRecord No by JUDGE1 @ site 1 judgement No - Wrong Answer-8075620213031516771 id JudgementRecord--6119407663314618035
170210 191913.159|INFO|Thread-82|dumpPacket|   key: RUN is: edu.csus.ecs.pc2.core.model.Run Run 305 JUDGED5285264 ms from TEAM24 @ site 1 id Run--2568068421552693944
170210 191913.159|INFO|Thread-82|info|handlePacket start Packet[RUN_JUDGEMENT] #2543 SERVER0 @ site 1 -> TEAM24 @ site 1
170210 191913.159|INFO|Thread-82|dumpPacket|Packet RUN_JUDGEMENT (Seq #2543 ) handlePacket
170210 191913.159|INFO|Thread-82|dumpPacket|  From: SERVER0 @ site 1 (Mellen @ 192.168.1.145) (Contest Id: Default-3425878675268062453)
170210 191913.160|INFO|Thread-82|dumpPacket|    To: TEAM24 @ site 1
170210 191913.160|INFO|Thread-82|dumpPacket|   key: CLIENT_ID is: edu.csus.ecs.pc2.core.model.ClientId SERVER0 @ site 1
170210 191913.161|INFO|Thread-82|dumpPacket|   key: JUDGEMENT_RECORD is: edu.csus.ecs.pc2.core.model.JudgementRecord No by JUDGE1 @ site 1 judgement No - Wrong Answer-8075620213031516771 id JudgementRecord--6119407663314618035
170210 191913.161|INFO|Thread-82|dumpPacket|   key: RUN is: edu.csus.ecs.pc2.core.model.Run Run 305 JUDGED5285264 ms from TEAM24 @ site 1 id Run--2568068421552693944
170210 191916.562|INFO|Thread-82|info| receiveObject(S) end   got Packet[RUN_JUDGEMENT] #2543 SERVER0 @ site 1 -> TEAM24 @ site 1
170210 192134.811|INFO|Thread-83|info| receiveObject(S) start got Packet[CLARIFICATION_ANSWER_UPDATE] #2589 SERVER0 @ site 1 -> SERVER0 @ site 0
170210 192134.812|INFO|Thread-83|dumpPacket|Packet CLARIFICATION_ANSWER_UPDATE (Seq #2589 ) recieveObject
170210 192134.812|INFO|Thread-83|dumpPacket|  From: SERVER0 @ site 1 (Mellen @ 192.168.1.145) (Contest Id: Default-3425878675268062453)
170210 192134.812|INFO|Thread-83|dumpPacket|    To: SERVER0 @ site 0
170210 192134.812|INFO|Thread-83|dumpPacket|   key: CLARIFICATION is: edu.csus.ecs.pc2.core.model.Clarification Clarification 23 ANSWERED from TEAM22 @ site 1 at 89 id=Clarification-2721318013377852502
170210 192134.815|INFO|Thread-83|dumpPacket|   key: CLIENT_ID is: edu.csus.ecs.pc2.core.model.ClientId JUDGE1 @ site 1
170210 192134.817|INFO|Thread-83|dumpPacket|   key: CLARIFICATION_ANSWER is: java.lang.String THe names are not underlined.  It is only for informational purposes.
170210 192134.817|INFO|Thread-83|info|handlePacket start Packet[CLARIFICATION_ANSWER_UPDATE] #2589 SERVER0 @ site 1 -> SERVER0 @ site 0
170210 192134.817|INFO|Thread-83|dumpPacket|Packet CLARIFICATION_ANSWER_UPDATE (Seq #2589 ) handlePacket
170210 192134.817|INFO|Thread-83|dumpPacket|  From: SERVER0 @ site 1 (Mellen @ 192.168.1.145) (Contest Id: Default-3425878675268062453)
170210 192134.817|INFO|Thread-83|dumpPacket|    To: SERVER0 @ site 0
170210 192134.818|INFO|Thread-83|dumpPacket|   key: CLARIFICATION is: edu.csus.ecs.pc2.core.model.Clarification Clarification 23 ANSWERED from TEAM22 @ site 1 at 89 id=Clarification-2721318013377852502
170210 192134.818|INFO|Thread-83|dumpPacket|   key: CLIENT_ID is: edu.csus.ecs.pc2.core.model.ClientId JUDGE1 @ site 1
170210 192134.822|INFO|Thread-83|dumpPacket|   key: CLARIFICATION_ANSWER is: java.lang.String THe names are not underlined.  It is only for informational purposes.
170210 192138.627|INFO|Thread-83|info| receiveObject(S) end   got Packet[CLARIFICATION_ANSWER_UPDATE] #2589 SERVER0 @ site 1 -> SERVER0 @ site 0
170210 192605.857|INFO|Thread-84|testRun|test run for isidora Java file: C:\Users\Duncan\Desktop\Magnolia Part 2\Magnolia\Isidora.java
170210 192605.880|DEBUG|Thread-84|compileProgram|before substitution: javac {:mainfile}
170210 192605.882|DEBUG|Thread-84|compileProgram|after  substitution: javac Isidora.java
170210 192605.901|CONFIG|Thread-84|runProgram|executing: 'javac Isidora.java'
170210 192606.769|DEBUG|Thread-84|executeProgram|before substitution: java {:basename}
170210 192606.769|DEBUG|Thread-84|executeProgram|after  substitution: java Isidora
170210 192606.770|CONFIG|Thread-84|runProgram|executing: 'java Isidora'
170210 192700.900|INFO|Thread-91|testRun|test run for isidora Java file: C:\Users\Duncan\Desktop\Magnolia Part 2\Magnolia\Isidora.java
170210 192700.923|DEBUG|Thread-91|compileProgram|before substitution: javac {:mainfile}
170210 192700.925|DEBUG|Thread-91|compileProgram|after  substitution: javac Isidora.java
170210 192700.949|CONFIG|Thread-91|runProgram|executing: 'javac Isidora.java'
170210 192701.831|DEBUG|Thread-91|executeProgram|before substitution: java {:basename}
170210 192701.832|DEBUG|Thread-91|executeProgram|after  substitution: java Isidora
170210 192701.832|CONFIG|Thread-91|runProgram|executing: 'java Isidora'
170210 192712.360|INFO|AWT-EventQueue-0|testOrSubmitRun|submitRun for isidora Java file: C:\Users\Duncan\Desktop\Magnolia Part 2\Magnolia\Isidora.java
170210 192712.365|INFO|AWT-EventQueue-0|sendToLocalServer|Sending packet to server Packet[RUN_SUBMISSION] #8 TEAM24 @ site 1 -> SERVER0 @ site 1
170210 192712.366|INFO|AWT-EventQueue-0|sendToLocalServer|Sent    packet to server Packet[RUN_SUBMISSION] #8 TEAM24 @ site 1 -> SERVER0 @ site 1
170210 192712.883|INFO|Thread-99|info| receiveObject(S) start got Packet[RUN_SUBMISSION_CONFIRM] #2705 SERVER0 @ site 1 -> TEAM24 @ site 1
170210 192712.885|INFO|Thread-99|dumpPacket|Packet RUN_SUBMISSION_CONFIRM (Seq #2705 ) recieveObject
170210 192712.887|INFO|Thread-99|dumpPacket|  From: SERVER0 @ site 1 (Mellen @ 192.168.1.145) (Contest Id: Default-3425878675268062453)
170210 192712.890|INFO|Thread-99|dumpPacket|    To: TEAM24 @ site 1
170210 192712.891|INFO|Thread-99|dumpPacket|   key: RUN is: edu.csus.ecs.pc2.core.model.Run Run 334 NEW5781998 ms from TEAM24 @ site 1 id Run--1918220032767128414
170210 192712.891|INFO|Thread-99|info|handlePacket start Packet[RUN_SUBMISSION_CONFIRM] #2705 SERVER0 @ site 1 -> TEAM24 @ site 1
170210 192712.893|INFO|Thread-99|dumpPacket|Packet RUN_SUBMISSION_CONFIRM (Seq #2705 ) handlePacket
170210 192712.893|INFO|Thread-99|dumpPacket|  From: SERVER0 @ site 1 (Mellen @ 192.168.1.145) (Contest Id: Default-3425878675268062453)
170210 192712.893|INFO|Thread-99|dumpPacket|    To: TEAM24 @ site 1
170210 192712.893|INFO|Thread-99|dumpPacket|   key: RUN is: edu.csus.ecs.pc2.core.model.Run Run 334 NEW5781998 ms from TEAM24 @ site 1 id Run--1918220032767128414
170210 192714.169|INFO|Thread-99|info| receiveObject(S) end   got Packet[RUN_SUBMISSION_CONFIRM] #2705 SERVER0 @ site 1 -> TEAM24 @ site 1
170210 193507.512|INFO|Thread-100|testRun|test run for Samantha Java file: C:\Users\Duncan\Desktop\Magnolia Part 2\Magnolia\Samantha.java
170210 193507.538|DEBUG|Thread-100|compileProgram|before substitution: javac {:mainfile}
170210 193507.539|DEBUG|Thread-100|compileProgram|after  substitution: javac Samantha.java
170210 193507.560|CONFIG|Thread-100|runProgram|executing: 'javac Samantha.java'
170210 193508.400|DEBUG|Thread-100|executeProgram|before substitution: java {:basename}
170210 193508.401|DEBUG|Thread-100|executeProgram|after  substitution: java Samantha
170210 193508.401|CONFIG|Thread-100|runProgram|executing: 'java Samantha'
170210 193513.622|INFO|AWT-EventQueue-0|testOrSubmitRun|submitRun for Samantha Java file: C:\Users\Duncan\Desktop\Magnolia Part 2\Magnolia\Samantha.java
170210 193513.626|INFO|AWT-EventQueue-0|sendToLocalServer|Sending packet to server Packet[RUN_SUBMISSION] #9 TEAM24 @ site 1 -> SERVER0 @ site 1
170210 193513.627|INFO|AWT-EventQueue-0|sendToLocalServer|Sent    packet to server Packet[RUN_SUBMISSION] #9 TEAM24 @ site 1 -> SERVER0 @ site 1
170210 193513.967|INFO|Thread-108|info| receiveObject(S) start got Packet[RUN_SUBMISSION_CONFIRM] #2845 SERVER0 @ site 1 -> TEAM24 @ site 1
170210 193513.968|INFO|Thread-108|dumpPacket|Packet RUN_SUBMISSION_CONFIRM (Seq #2845 ) recieveObject
170210 193513.968|INFO|Thread-108|dumpPacket|  From: SERVER0 @ site 1 (Mellen @ 192.168.1.145) (Contest Id: Default-3425878675268062453)
170210 193513.968|INFO|Thread-108|dumpPacket|    To: TEAM24 @ site 1
170210 193513.968|INFO|Thread-108|dumpPacket|   key: RUN is: edu.csus.ecs.pc2.core.model.Run Run 352 NEW6263054 ms from TEAM24 @ site 1 id Run--1213704169769361840
170210 193513.968|INFO|Thread-108|info|handlePacket start Packet[RUN_SUBMISSION_CONFIRM] #2845 SERVER0 @ site 1 -> TEAM24 @ site 1
170210 193513.969|INFO|Thread-108|dumpPacket|Packet RUN_SUBMISSION_CONFIRM (Seq #2845 ) handlePacket
170210 193513.969|INFO|Thread-108|dumpPacket|  From: SERVER0 @ site 1 (Mellen @ 192.168.1.145) (Contest Id: Default-3425878675268062453)
170210 193513.969|INFO|Thread-108|dumpPacket|    To: TEAM24 @ site 1
170210 193513.969|INFO|Thread-108|dumpPacket|   key: RUN is: edu.csus.ecs.pc2.core.model.Run Run 352 NEW6263054 ms from TEAM24 @ site 1 id Run--1213704169769361840
170210 193515.408|INFO|Thread-108|info| receiveObject(S) end   got Packet[RUN_SUBMISSION_CONFIRM] #2845 SERVER0 @ site 1 -> TEAM24 @ site 1
170210 193533.656|INFO|Thread-109|info| receiveObject(S) start got Packet[RUN_JUDGEMENT] #2856 SERVER0 @ site 1 -> TEAM24 @ site 1
170210 193533.657|INFO|Thread-109|dumpPacket|Packet RUN_JUDGEMENT (Seq #2856 ) recieveObject
170210 193533.657|INFO|Thread-109|dumpPacket|  From: SERVER0 @ site 1 (Mellen @ 192.168.1.145) (Contest Id: Default-3425878675268062453)
170210 193533.657|INFO|Thread-109|dumpPacket|    To: TEAM24 @ site 1
170210 193533.658|INFO|Thread-109|dumpPacket|   key: CLIENT_ID is: edu.csus.ecs.pc2.core.model.ClientId SERVER0 @ site 1
170210 193533.658|INFO|Thread-109|dumpPacket|   key: JUDGEMENT_RECORD is: edu.csus.ecs.pc2.core.model.JudgementRecord No by JUDGE1 @ site 1 judgement No - Wrong Answer-8075620213031516771 id JudgementRecord--1516076809737102139
170210 193533.662|INFO|Thread-109|dumpPacket|   key: RUN is: edu.csus.ecs.pc2.core.model.Run Run 352 JUDGED6263054 ms from TEAM24 @ site 1 id Run--1213704169769361840
170210 193533.662|INFO|Thread-109|info|handlePacket start Packet[RUN_JUDGEMENT] #2856 SERVER0 @ site 1 -> TEAM24 @ site 1
170210 193533.662|INFO|Thread-109|dumpPacket|Packet RUN_JUDGEMENT (Seq #2856 ) handlePacket
170210 193533.662|INFO|Thread-109|dumpPacket|  From: SERVER0 @ site 1 (Mellen @ 192.168.1.145) (Contest Id: Default-3425878675268062453)
170210 193533.663|INFO|Thread-109|dumpPacket|    To: TEAM24 @ site 1
170210 193533.663|INFO|Thread-109|dumpPacket|   key: CLIENT_ID is: edu.csus.ecs.pc2.core.model.ClientId SERVER0 @ site 1
170210 193533.663|INFO|Thread-109|dumpPacket|   key: JUDGEMENT_RECORD is: edu.csus.ecs.pc2.core.model.JudgementRecord No by JUDGE1 @ site 1 judgement No - Wrong Answer-8075620213031516771 id JudgementRecord--1516076809737102139
170210 193533.663|INFO|Thread-109|dumpPacket|   key: RUN is: edu.csus.ecs.pc2.core.model.Run Run 352 JUDGED6263054 ms from TEAM24 @ site 1 id Run--1213704169769361840
170210 193536.277|INFO|Thread-109|info| receiveObject(S) end   got Packet[RUN_JUDGEMENT] #2856 SERVER0 @ site 1 -> TEAM24 @ site 1
170210 193652.006|INFO|Thread-110|testRun|test run for Samantha Java file: C:\Users\Duncan\Desktop\Magnolia Part 2\Magnolia\Samantha.java
170210 193652.030|DEBUG|Thread-110|compileProgram|before substitution: javac {:mainfile}
170210 193652.031|DEBUG|Thread-110|compileProgram|after  substitution: javac Samantha.java
170210 193652.050|CONFIG|Thread-110|runProgram|executing: 'javac Samantha.java'
170210 193653.082|DEBUG|Thread-110|executeProgram|before substitution: java {:basename}
170210 193653.082|DEBUG|Thread-110|executeProgram|after  substitution: java Samantha
170210 193653.082|CONFIG|Thread-110|runProgram|executing: 'java Samantha'
170210 193656.783|INFO|AWT-EventQueue-0|testOrSubmitRun|submitRun for Samantha Java file: C:\Users\Duncan\Desktop\Magnolia Part 2\Magnolia\Samantha.java
170210 193656.786|INFO|AWT-EventQueue-0|sendToLocalServer|Sending packet to server Packet[RUN_SUBMISSION] #10 TEAM24 @ site 1 -> SERVER0 @ site 1
170210 193656.787|INFO|AWT-EventQueue-0|sendToLocalServer|Sent    packet to server Packet[RUN_SUBMISSION] #10 TEAM24 @ site 1 -> SERVER0 @ site 1
170210 193657.160|INFO|Thread-118|info| receiveObject(S) start got Packet[RUN_SUBMISSION_CONFIRM] #2879 SERVER0 @ site 1 -> TEAM24 @ site 1
170210 193657.161|INFO|Thread-118|dumpPacket|Packet RUN_SUBMISSION_CONFIRM (Seq #2879 ) recieveObject
170210 193657.161|INFO|Thread-118|dumpPacket|  From: SERVER0 @ site 1 (Mellen @ 192.168.1.145) (Contest Id: Default-3425878675268062453)
170210 193657.161|INFO|Thread-118|dumpPacket|    To: TEAM24 @ site 1
170210 193657.161|INFO|Thread-118|dumpPacket|   key: RUN is: edu.csus.ecs.pc2.core.model.Run Run 359 NEW6366219 ms from TEAM24 @ site 1 id Run-6679977411811774713
170210 193657.161|INFO|Thread-118|info|handlePacket start Packet[RUN_SUBMISSION_CONFIRM] #2879 SERVER0 @ site 1 -> TEAM24 @ site 1
170210 193657.161|INFO|Thread-118|dumpPacket|Packet RUN_SUBMISSION_CONFIRM (Seq #2879 ) handlePacket
170210 193657.161|INFO|Thread-118|dumpPacket|  From: SERVER0 @ site 1 (Mellen @ 192.168.1.145) (Contest Id: Default-3425878675268062453)
170210 193657.162|INFO|Thread-118|dumpPacket|    To: TEAM24 @ site 1
170210 193657.162|INFO|Thread-118|dumpPacket|   key: RUN is: edu.csus.ecs.pc2.core.model.Run Run 359 NEW6366219 ms from TEAM24 @ site 1 id Run-6679977411811774713
170210 193659.184|INFO|Thread-118|info| receiveObject(S) end   got Packet[RUN_SUBMISSION_CONFIRM] #2879 SERVER0 @ site 1 -> TEAM24 @ site 1
170210 193730.575|INFO|Thread-119|info| receiveObject(S) start got Packet[RUN_JUDGEMENT] #2889 SERVER0 @ site 1 -> TEAM24 @ site 1
170210 193730.576|INFO|Thread-119|dumpPacket|Packet RUN_JUDGEMENT (Seq #2889 ) recieveObject
170210 193730.576|INFO|Thread-119|dumpPacket|  From: SERVER0 @ site 1 (Mellen @ 192.168.1.145) (Contest Id: Default-3425878675268062453)
170210 193730.576|INFO|Thread-119|dumpPacket|    To: TEAM24 @ site 1
170210 193730.576|INFO|Thread-119|dumpPacket|   key: CLIENT_ID is: edu.csus.ecs.pc2.core.model.ClientId SERVER0 @ site 1
170210 193730.576|INFO|Thread-119|dumpPacket|   key: JUDGEMENT_RECORD is: edu.csus.ecs.pc2.core.model.JudgementRecord Yes by JUDGE2 @ site 1 judgement Yes-3241447729218406501 id JudgementRecord-156346304923089195
170210 193730.577|INFO|Thread-119|dumpPacket|   key: RUN is: edu.csus.ecs.pc2.core.model.Run Run 359 JUDGED6366219 ms from TEAM24 @ site 1 id Run-6679977411811774713
170210 193730.577|INFO|Thread-119|info|handlePacket start Packet[RUN_JUDGEMENT] #2889 SERVER0 @ site 1 -> TEAM24 @ site 1
170210 193730.577|INFO|Thread-119|dumpPacket|Packet RUN_JUDGEMENT (Seq #2889 ) handlePacket
170210 193730.577|INFO|Thread-119|dumpPacket|  From: SERVER0 @ site 1 (Mellen @ 192.168.1.145) (Contest Id: Default-3425878675268062453)
170210 193730.577|INFO|Thread-119|dumpPacket|    To: TEAM24 @ site 1
170210 193730.577|INFO|Thread-119|dumpPacket|   key: CLIENT_ID is: edu.csus.ecs.pc2.core.model.ClientId SERVER0 @ site 1
170210 193730.578|INFO|Thread-119|dumpPacket|   key: JUDGEMENT_RECORD is: edu.csus.ecs.pc2.core.model.JudgementRecord Yes by JUDGE2 @ site 1 judgement Yes-3241447729218406501 id JudgementRecord-156346304923089195
170210 193730.578|INFO|Thread-119|dumpPacket|   key: RUN is: edu.csus.ecs.pc2.core.model.Run Run 359 JUDGED6366219 ms from TEAM24 @ site 1 id Run-6679977411811774713
170210 193731.980|INFO|Thread-119|info| receiveObject(S) end   got Packet[RUN_JUDGEMENT] #2889 SERVER0 @ site 1 -> TEAM24 @ site 1
170210 195035.350|INFO|AWT-EventQueue-0|testOrSubmitRun|submitRun for Kosta Java file: C:\Users\Duncan\Desktop\Magnolia Part 2\Magnolia\Kostas.java
170210 195035.356|INFO|AWT-EventQueue-0|sendToLocalServer|Sending packet to server Packet[RUN_SUBMISSION] #11 TEAM24 @ site 1 -> SERVER0 @ site 1
170210 195035.357|INFO|AWT-EventQueue-0|sendToLocalServer|Sent    packet to server Packet[RUN_SUBMISSION] #11 TEAM24 @ site 1 -> SERVER0 @ site 1
170210 195035.848|INFO|Thread-121|info| receiveObject(S) start got Packet[RUN_SUBMISSION_CONFIRM] #3280 SERVER0 @ site 1 -> TEAM24 @ site 1
170210 195035.848|INFO|Thread-121|dumpPacket|Packet RUN_SUBMISSION_CONFIRM (Seq #3280 ) recieveObject
170210 195035.849|INFO|Thread-121|dumpPacket|  From: SERVER0 @ site 1 (Mellen @ 192.168.1.145) (Contest Id: Default-3425878675268062453)
170210 195035.849|INFO|Thread-121|dumpPacket|    To: TEAM24 @ site 1
170210 195035.849|INFO|Thread-121|dumpPacket|   key: RUN is: edu.csus.ecs.pc2.core.model.Run Run 431 NEW7184932 ms from TEAM24 @ site 1 id Run-4316966953376495355
170210 195035.849|INFO|Thread-121|info|handlePacket start Packet[RUN_SUBMISSION_CONFIRM] #3280 SERVER0 @ site 1 -> TEAM24 @ site 1
170210 195035.849|INFO|Thread-121|dumpPacket|Packet RUN_SUBMISSION_CONFIRM (Seq #3280 ) handlePacket
170210 195035.849|INFO|Thread-121|dumpPacket|  From: SERVER0 @ site 1 (Mellen @ 192.168.1.145) (Contest Id: Default-3425878675268062453)
170210 195035.850|INFO|Thread-121|dumpPacket|    To: TEAM24 @ site 1
170210 195035.850|INFO|Thread-121|dumpPacket|   key: RUN is: edu.csus.ecs.pc2.core.model.Run Run 431 NEW7184932 ms from TEAM24 @ site 1 id Run-4316966953376495355
170210 195037.238|INFO|Thread-121|info| receiveObject(S) end   got Packet[RUN_SUBMISSION_CONFIRM] #3280 SERVER0 @ site 1 -> TEAM24 @ site 1
170210 195052.088|INFO|Thread-122|info| receiveObject(S) start got Packet[CLOCK_STOPPED] #3292 SERVER0 @ site 1 -> SERVER0 @ site 0
170210 195052.088|INFO|Thread-122|dumpPacket|Packet CLOCK_STOPPED (Seq #3292 ) recieveObject
170210 195052.088|INFO|Thread-122|dumpPacket|  From: SERVER0 @ site 1 (Mellen @ 192.168.1.145) (Contest Id: Default-3425878675268062453)
170210 195052.089|INFO|Thread-122|dumpPacket|    To: SERVER0 @ site 0
170210 195052.089|INFO|Thread-122|dumpPacket|   key: SITE_NUMBER is: java.lang.Integer 1
170210 195052.089|INFO|Thread-122|dumpPacket|   key: CLIENT_ID is: edu.csus.ecs.pc2.core.model.ClientId ADMINISTRATOR1 @ site 1
170210 195052.089|INFO|Thread-122|info|handlePacket start Packet[CLOCK_STOPPED] #3292 SERVER0 @ site 1 -> SERVER0 @ site 0
170210 195052.089|INFO|Thread-122|dumpPacket|Packet CLOCK_STOPPED (Seq #3292 ) handlePacket
170210 195052.090|INFO|Thread-122|dumpPacket|  From: SERVER0 @ site 1 (Mellen @ 192.168.1.145) (Contest Id: Default-3425878675268062453)
170210 195052.090|INFO|Thread-122|dumpPacket|    To: SERVER0 @ site 0
170210 195052.090|INFO|Thread-122|dumpPacket|   key: SITE_NUMBER is: java.lang.Integer 1
170210 195052.090|INFO|Thread-122|dumpPacket|   key: CLIENT_ID is: edu.csus.ecs.pc2.core.model.ClientId ADMINISTRATOR1 @ site 1
170210 195052.093|INFO|Thread-122|contestStopped|debug ContestTime site 1 STOPPED 2:00:01
170210 195052.093|INFO|Thread-122|info|Clock for site 1 stopped by ADMINISTRATOR1 @ site 1 elapsed 2:00:01
170210 195052.094|INFO|Thread-122|info| receiveObject(S) end   got Packet[CLOCK_STOPPED] #3292 SERVER0 @ site 1 -> SERVER0 @ site 0
170210 195148.311|INFO|Thread-123|info| receiveObject(S) start got Packet[RUN_JUDGEMENT] #3331 SERVER0 @ site 1 -> TEAM24 @ site 1
170210 195148.311|INFO|Thread-123|dumpPacket|Packet RUN_JUDGEMENT (Seq #3331 ) recieveObject
170210 195148.311|INFO|Thread-123|dumpPacket|  From: SERVER0 @ site 1 (Mellen @ 192.168.1.145) (Contest Id: Default-3425878675268062453)
170210 195148.312|INFO|Thread-123|dumpPacket|    To: TEAM24 @ site 1
170210 195148.312|INFO|Thread-123|dumpPacket|   key: CLIENT_ID is: edu.csus.ecs.pc2.core.model.ClientId SERVER0 @ site 1
170210 195148.312|INFO|Thread-123|dumpPacket|   key: JUDGEMENT_RECORD is: edu.csus.ecs.pc2.core.model.JudgementRecord No by JUDGE2 @ site 1 judgement No - Wrong Answer-8075620213031516771 id JudgementRecord-1825100682388144030
170210 195148.312|INFO|Thread-123|dumpPacket|   key: RUN is: edu.csus.ecs.pc2.core.model.Run Run 431 JUDGED7184932 ms from TEAM24 @ site 1 id Run-4316966953376495355
170210 195148.312|INFO|Thread-123|info|handlePacket start Packet[RUN_JUDGEMENT] #3331 SERVER0 @ site 1 -> TEAM24 @ site 1
170210 195148.313|INFO|Thread-123|dumpPacket|Packet RUN_JUDGEMENT (Seq #3331 ) handlePacket
170210 195148.313|INFO|Thread-123|dumpPacket|  From: SERVER0 @ site 1 (Mellen @ 192.168.1.145) (Contest Id: Default-3425878675268062453)
170210 195148.313|INFO|Thread-123|dumpPacket|    To: TEAM24 @ site 1
170210 195148.313|INFO|Thread-123|dumpPacket|   key: CLIENT_ID is: edu.csus.ecs.pc2.core.model.ClientId SERVER0 @ site 1
170210 195148.313|INFO|Thread-123|dumpPacket|   key: JUDGEMENT_RECORD is: edu.csus.ecs.pc2.core.model.JudgementRecord No by JUDGE2 @ site 1 judgement No - Wrong Answer-8075620213031516771 id JudgementRecord-1825100682388144030
170210 195148.314|INFO|Thread-123|dumpPacket|   key: RUN is: edu.csus.ecs.pc2.core.model.Run Run 431 JUDGED7184932 ms from TEAM24 @ site 1 id Run-4316966953376495355
170210 195200.020|INFO|Thread-123|info| receiveObject(S) end   got Packet[RUN_JUDGEMENT] #3331 SERVER0 @ site 1 -> TEAM24 @ site 1
